[ 2019-12-25T09:08:03+08:00 ] 192.168.8.240 /aaaxcx/index.php/home/Login/login
INFO: [ app_init ] --START--
INFO: Run Behavior\BuildLiteBehavior [ RunTime:0.000013s ]
INFO: [ app_init ] --END-- [ RunTime:0.001592s ]
INFO: [ app_begin ] --START--
INFO: Run Behavior\ReadHtmlCacheBehavior [ RunTime:0.000927s ]
INFO: [ app_begin ] --END-- [ RunTime:0.000981s ]
NOTIC: [8] Undefined index: db_port D:\WWW\aaaxcx\ThinkPHP\Library\Think\Db.class.php 第 127 行.
NOTIC: [8] Undefined index: db_dsn D:\WWW\aaaxcx\ThinkPHP\Library\Think\Db.class.php 第 129 行.
NOTIC: [8] Undefined index: db_params D:\WWW\aaaxcx\ThinkPHP\Library\Think\Db.class.php 第 130 行.
SQL: select * from user where dh='0012' and zt=1 [ RunTime:0.036280s ]
SQL: select * from daygda where  qxkh='0012001' [ RunTime:0.046868s ]
SQL: select bm from dabmda where bm=(select bm from daygda where qxkh='0012001') [ RunTime:0.006461s ]
SQL: select bm from dabmda where bm='固定' [ RunTime:0.001287s ]
SQL: select qxmc from dabmda where bm='固定'and dh='0012'  [ RunTime:0.000195s ]
NOTIC: [8] A session had already been started - ignoring session_start() D:\WWW\aaaxcx\Application\Home\Controller\LoginController.class.php 第 37 行.

[ 2019-12-25T10:03:16+08:00 ] 192.168.8.8 /aaaxcx/index.php/home/Login/login
INFO: [ app_init ] --START--
INFO: Run Behavior\BuildLiteBehavior [ RunTime:0.000011s ]
INFO: [ app_init ] --END-- [ RunTime:0.000296s ]
INFO: [ app_begin ] --START--
INFO: Run Behavior\ReadHtmlCacheBehavior [ RunTime:0.000442s ]
INFO: [ app_begin ] --END-- [ RunTime:0.000484s ]
NOTIC: [8] Undefined index: db_port D:\WWW\aaaxcx\ThinkPHP\Library\Think\Db.class.php 第 127 行.
NOTIC: [8] Undefined index: db_dsn D:\WWW\aaaxcx\ThinkPHP\Library\Think\Db.class.php 第 129 行.
NOTIC: [8] Undefined index: db_params D:\WWW\aaaxcx\ThinkPHP\Library\Think\Db.class.php 第 130 行.
SQL: select * from user where dh='0001' and zt=1 [ RunTime:0.000540s ]
NOTIC: [8] Undefined offset: 0 D:\WWW\aaaxcx\Application\Home\Controller\LoginController.class.php 第 21 行.
NOTIC: [8] Undefined offset: 0 D:\WWW\aaaxcx\Application\Home\Controller\LoginController.class.php 第 22 行.
NOTIC: [8] Undefined offset: 0 D:\WWW\aaaxcx\Application\Home\Controller\LoginController.class.php 第 23 行.
NOTIC: [8] Undefined offset: 0 D:\WWW\aaaxcx\Application\Home\Controller\LoginController.class.php 第 24 行.
NOTIC: [8] Undefined offset: 0 D:\WWW\aaaxcx\Application\Home\Controller\LoginController.class.php 第 25 行.
NOTIC: [8] Undefined offset: 1 D:\WWW\aaaxcx\ThinkPHP\Library\Think\Db.class.php 第 238 行.
NOTIC: [8] Undefined offset: 2 D:\WWW\aaaxcx\ThinkPHP\Library\Think\Db.class.php 第 239 行.
NOTIC: [8] Undefined offset: 3 D:\WWW\aaaxcx\ThinkPHP\Library\Think\Db.class.php 第 240 行.
NOTIC: [8] Undefined offset: 4 D:\WWW\aaaxcx\ThinkPHP\Library\Think\Db.class.php 第 241 行.
NOTIC: [8] Undefined offset: 5 D:\WWW\aaaxcx\ThinkPHP\Library\Think\Db.class.php 第 242 行.
NOTIC: [8] Undefined offset: 6 D:\WWW\aaaxcx\ThinkPHP\Library\Think\Db.class.php 第 243 行.
ERR: 没有定义数据库配置

