[ 2019-11-27T17:56:25+08:00 ] 192.168.8.216 /aaaxcx/index.php/home/Login/login
INFO: [ app_init ] --START--
INFO: Run Behavior\BuildLiteBehavior [ RunTime:0.000000s ]
INFO: [ app_init ] --END-- [ RunTime:0.001953s ]
INFO: [ app_begin ] --START--
INFO: Run Behavior\ReadHtmlCacheBehavior [ RunTime:0.001953s ]
INFO: [ app_begin ] --END-- [ RunTime:0.001953s ]
NOTIC: [8] Undefined index: db_port D:\WWW\aaaxcx\ThinkPHP\Library\Think\Db.class.php 第 127 行.
NOTIC: [8] Undefined index: db_dsn D:\WWW\aaaxcx\ThinkPHP\Library\Think\Db.class.php 第 129 行.
NOTIC: [8] Undefined index: db_params D:\WWW\aaaxcx\ThinkPHP\Library\Think\Db.class.php 第 130 行.
SQL: select * from user where dh='0003' and zt=1 [ RunTime:0.016601s ]
SQL: select * from daygda where  qxkh='0003007' [ RunTime:0.008789s ]
SQL: select bm from dabmda where bm=(select bm from daygda where qxkh='0003007') [ RunTime:0.006836s ]
SQL: select bm from dabmda where bm='车间' [ RunTime:0.004883s ]
SQL: select qxmc from dabmda where bm='车间'and dh='0003'  [ RunTime:0.000976s ]

[ 2019-11-27T17:56:31+08:00 ] 192.168.8.216 /aaaxcx/index.php/home/Login/login
INFO: [ app_init ] --START--
INFO: Run Behavior\BuildLiteBehavior [ RunTime:0.000000s ]
INFO: [ app_init ] --END-- [ RunTime:0.000000s ]
INFO: [ app_begin ] --START--
INFO: Run Behavior\ReadHtmlCacheBehavior [ RunTime:0.000976s ]
INFO: [ app_begin ] --END-- [ RunTime:0.000976s ]
NOTIC: [8] Undefined index: db_port D:\WWW\aaaxcx\ThinkPHP\Library\Think\Db.class.php 第 127 行.
NOTIC: [8] Undefined index: db_dsn D:\WWW\aaaxcx\ThinkPHP\Library\Think\Db.class.php 第 129 行.
NOTIC: [8] Undefined index: db_params D:\WWW\aaaxcx\ThinkPHP\Library\Think\Db.class.php 第 130 行.
SQL: select * from user where dh='0003' and zt=1 [ RunTime:0.000977s ]
SQL: select * from daygda where  qxkh='0003007' [ RunTime:0.000976s ]
SQL: select bm from dabmda where bm=(select bm from daygda where qxkh='0003007') [ RunTime:0.001953s ]
SQL: select bm from dabmda where bm='车间' [ RunTime:0.001953s ]
SQL: select qxmc from dabmda where bm='车间'and dh='0003'  [ RunTime:0.000977s ]

[ 2019-11-27T17:56:36+08:00 ] 192.168.8.216 /aaaxcx/index.php/home/Login/login
INFO: [ app_init ] --START--
INFO: Run Behavior\BuildLiteBehavior [ RunTime:0.000000s ]
INFO: [ app_init ] --END-- [ RunTime:0.000976s ]
INFO: [ app_begin ] --START--
INFO: Run Behavior\ReadHtmlCacheBehavior [ RunTime:0.000976s ]
INFO: [ app_begin ] --END-- [ RunTime:0.000976s ]
NOTIC: [8] Undefined index: db_port D:\WWW\aaaxcx\ThinkPHP\Library\Think\Db.class.php 第 127 行.
NOTIC: [8] Undefined index: db_dsn D:\WWW\aaaxcx\ThinkPHP\Library\Think\Db.class.php 第 129 行.
NOTIC: [8] Undefined index: db_params D:\WWW\aaaxcx\ThinkPHP\Library\Think\Db.class.php 第 130 行.
SQL: select * from user where dh='0003' and zt=1 [ RunTime:0.000977s ]
SQL: select * from daygda where  qxkh='0003007' [ RunTime:0.001953s ]
SQL: select bm from dabmda where bm=(select bm from daygda where qxkh='0003007') [ RunTime:0.000976s ]
SQL: select bm from dabmda where bm='车间' [ RunTime:0.001953s ]
SQL: select qxmc from dabmda where bm='车间'and dh='0003'  [ RunTime:0.000976s ]

[ 2019-11-27T17:56:42+08:00 ] 192.168.8.216 /aaaxcx/index.php/home/Login/login
INFO: [ app_init ] --START--
INFO: Run Behavior\BuildLiteBehavior [ RunTime:0.000000s ]
INFO: [ app_init ] --END-- [ RunTime:0.000976s ]
INFO: [ app_begin ] --START--
INFO: Run Behavior\ReadHtmlCacheBehavior [ RunTime:0.000977s ]
INFO: [ app_begin ] --END-- [ RunTime:0.000977s ]
NOTIC: [8] Undefined index: db_port D:\WWW\aaaxcx\ThinkPHP\Library\Think\Db.class.php 第 127 行.
NOTIC: [8] Undefined index: db_dsn D:\WWW\aaaxcx\ThinkPHP\Library\Think\Db.class.php 第 129 行.
NOTIC: [8] Undefined index: db_params D:\WWW\aaaxcx\ThinkPHP\Library\Think\Db.class.php 第 130 行.
SQL: select * from user where dh='0003' and zt=1 [ RunTime:0.000977s ]
SQL: select * from daygda where  qxkh='0003007' [ RunTime:0.000977s ]
SQL: select bm from dabmda where bm=(select bm from daygda where qxkh='0003007') [ RunTime:0.000000s ]
SQL: select bm from dabmda where bm='车间' [ RunTime:0.000976s ]
SQL: select qxmc from dabmda where bm='车间'and dh='0003'  [ RunTime:0.000977s ]

[ 2019-11-27T17:56:49+08:00 ] 192.168.8.216 /aaaxcx/index.php/home/clcx/clcx
INFO: [ app_init ] --START--
INFO: Run Behavior\BuildLiteBehavior [ RunTime:0.000000s ]
INFO: [ app_init ] --END-- [ RunTime:0.000977s ]
INFO: [ app_begin ] --START--
INFO: Run Behavior\ReadHtmlCacheBehavior [ RunTime:0.000977s ]
INFO: [ app_begin ] --END-- [ RunTime:0.000977s ]
SQL: select kh,zh,tmbh,gxmc,ysmc,ms,ceiling(jhsl)as jhsl,CONVERT(varchar(100), jhrq, 23) as jhrq,convert(nvarchar(30),  
                convert(decimal(18,6), dj)) as dj,convert(nvarchar(30),convert(decimal(18,6), je)) as je  from cmp
                where yggh='90001' and ygmc='小飓' and jhrq  between '2019-11-27 00:00:00' and '2019-11-27 23:59:59' order by jhrq,kh [ RunTime:0.015625s ]
SQL:  select count(jhrq) as zjl, isnull(ceiling(sum(jhsl)), 0) as zjhsl, convert(nvarchar(30),isnull(convert(decimal(18,6), sum(je)), 0)) as zje 
                        from cmp where yggh='90001' and ygmc='小飓' and cast(jhrq as datetime)  between '2019-11-27 00:00:00' and '2019-11-27 23:59:59'  [ RunTime:0.011719s ]

[ 2019-11-27T17:56:54+08:00 ] 192.168.8.216 /aaaxcx/index.php/home/Gpsm/ygclcx
INFO: [ app_init ] --START--
INFO: Run Behavior\BuildLiteBehavior [ RunTime:0.000000s ]
INFO: [ app_init ] --END-- [ RunTime:0.000977s ]
INFO: [ app_begin ] --START--
INFO: Run Behavior\ReadHtmlCacheBehavior [ RunTime:0.001953s ]
INFO: [ app_begin ] --END-- [ RunTime:0.001953s ]
SQL: select count(jhrq)as jhcs,isnull(ceiling(sum(jhsl)),0) as zjhsl,isnull(convert(nvarchar(30),convert(decimal(18,2),sum(je))),0) as zje from cmp
          where ygmc='小飓' and yggh='90001' and jhrq between convert(varchar(100),GETDATE(),23)+' 00:00:00' 
          and convert(varchar(100),getdate(),23)+' 23:59:59' [ RunTime:0.011718s ]

[ 2019-11-27T17:57:03+08:00 ] 192.168.8.216 /aaaxcx/index.php/home/clcx/clcx
INFO: [ app_init ] --START--
INFO: Run Behavior\BuildLiteBehavior [ RunTime:0.000000s ]
INFO: [ app_init ] --END-- [ RunTime:0.000976s ]
INFO: [ app_begin ] --START--
INFO: Run Behavior\ReadHtmlCacheBehavior [ RunTime:0.000976s ]
INFO: [ app_begin ] --END-- [ RunTime:0.000976s ]
SQL: select kh,zh,tmbh,gxmc,ysmc,ms,ceiling(jhsl)as jhsl,CONVERT(varchar(100), jhrq, 23) as jhrq,convert(nvarchar(30),  
                convert(decimal(18,6), dj)) as dj,convert(nvarchar(30),convert(decimal(18,6), je)) as je  from cmp
                where yggh='90001' and ygmc='小飓' and jhrq  between '2019-11-27 00:00:00' and '2019-11-27 23:59:59' order by jhrq,kh [ RunTime:0.001953s ]
SQL:  select count(jhrq) as zjl, isnull(ceiling(sum(jhsl)), 0) as zjhsl, convert(nvarchar(30),isnull(convert(decimal(18,6), sum(je)), 0)) as zje 
                        from cmp where yggh='90001' and ygmc='小飓' and cast(jhrq as datetime)  between '2019-11-27 00:00:00' and '2019-11-27 23:59:59'  [ RunTime:0.000976s ]

[ 2019-11-27T17:57:25+08:00 ] 192.168.8.216 /aaaxcx/index.php/home/Fg/fgjlcx
INFO: [ app_init ] --START--
INFO: Run Behavior\BuildLiteBehavior [ RunTime:0.000000s ]
INFO: [ app_init ] --END-- [ RunTime:0.000977s ]
INFO: [ app_begin ] --START--
INFO: Run Behavior\ReadHtmlCacheBehavior [ RunTime:0.000977s ]
INFO: [ app_begin ] --END-- [ RunTime:0.000977s ]
SQL: select CONVERT(varchar(100),rq,23)as rq,ygmc,kh,kslx,gxmc,ysmc,ms,sl,jhsl  from scfgdj where rq
 between '2019-11-27 00:00:00' and '2019-11-27 23:59:59' order by ygmc,kh,rq [ RunTime:0.007813s ]

[ 2019-11-27T17:57:29+08:00 ] 192.168.8.216 /aaaxcx/index.php/home/Lhcx/lhcxcx
INFO: [ app_init ] --START--
INFO: Run Behavior\BuildLiteBehavior [ RunTime:0.000000s ]
INFO: [ app_init ] --END-- [ RunTime:0.000976s ]
INFO: [ app_begin ] --START--
INFO: Run Behavior\ReadHtmlCacheBehavior [ RunTime:0.000976s ]
INFO: [ app_begin ] --END-- [ RunTime:0.000976s ]
SQL: select convert(varchar,lhrq,23) as lhrq,ygmc,kh,ysmc,ms,zh,gxmc,tmbh,sb,sl from sclhdj
  where cast(lhrq as datetime) between  '2019-11-27 00:00:00' and '2019-11-27 23:59:59' order  by ygmc,kh,lhrq [ RunTime:0.007813s ]

[ 2019-11-27T17:57:31+08:00 ] 192.168.8.216 /aaaxcx/index.php/home/Lhcx/lhcxcx
INFO: [ app_init ] --START--
INFO: Run Behavior\BuildLiteBehavior [ RunTime:0.000000s ]
INFO: [ app_init ] --END-- [ RunTime:0.000976s ]
INFO: [ app_begin ] --START--
INFO: Run Behavior\ReadHtmlCacheBehavior [ RunTime:0.001953s ]
INFO: [ app_begin ] --END-- [ RunTime:0.001953s ]
SQL: select convert(varchar,lhrq,23) as lhrq,ygmc,kh,ysmc,ms,zh,gxmc,tmbh,sb,sl from sclhdj
  where cast(lhrq as datetime) between  '2019-11-27 00:00:00' and '2019-11-27 23:59:59' order  by ygmc,kh,lhrq [ RunTime:0.001954s ]

[ 2019-11-27T17:57:32+08:00 ] 192.168.8.216 /aaaxcx/index.php/home/Lhcx/lhcxcx
INFO: [ app_init ] --START--
INFO: Run Behavior\BuildLiteBehavior [ RunTime:0.000000s ]
INFO: [ app_init ] --END-- [ RunTime:0.000977s ]
INFO: [ app_begin ] --START--
INFO: Run Behavior\ReadHtmlCacheBehavior [ RunTime:0.000976s ]
INFO: [ app_begin ] --END-- [ RunTime:0.000976s ]
SQL: select convert(varchar,lhrq,23) as lhrq,ygmc,kh,ysmc,ms,zh,gxmc,tmbh,sb,sl from sclhdj
  where cast(lhrq as datetime) between  '2019-11-26 00:00:00' and '2019-11-26 23:59:59' order  by ygmc,kh,lhrq [ RunTime:0.006836s ]

[ 2019-11-27T17:57:32+08:00 ] 192.168.8.216 /aaaxcx/index.php/home/Lhcx/lhcxcx
INFO: [ app_init ] --START--
INFO: Run Behavior\BuildLiteBehavior [ RunTime:0.000000s ]
INFO: [ app_init ] --END-- [ RunTime:0.000977s ]
INFO: [ app_begin ] --START--
INFO: Run Behavior\ReadHtmlCacheBehavior [ RunTime:0.000977s ]
INFO: [ app_begin ] --END-- [ RunTime:0.000977s ]
SQL: select convert(varchar,lhrq,23) as lhrq,ygmc,kh,ysmc,ms,zh,gxmc,tmbh,sb,sl from sclhdj
  where cast(lhrq as datetime) between  '2019-11-01 00:00:00' and '2019-11-30 23:59:59' order  by ygmc,kh,lhrq [ RunTime:0.006836s ]

[ 2019-11-27T17:57:33+08:00 ] 192.168.8.216 /aaaxcx/index.php/home/Lhcx/lhcxcx
INFO: [ app_init ] --START--
INFO: Run Behavior\BuildLiteBehavior [ RunTime:0.000977s ]
INFO: [ app_init ] --END-- [ RunTime:0.000977s ]
INFO: [ app_begin ] --START--
INFO: Run Behavior\ReadHtmlCacheBehavior [ RunTime:0.001953s ]
INFO: [ app_begin ] --END-- [ RunTime:0.001953s ]
SQL: select convert(varchar,lhrq,23) as lhrq,ygmc,kh,ysmc,ms,zh,gxmc,tmbh,sb,sl from sclhdj
  where cast(lhrq as datetime) between  '2019-10-01 00:00:00' and '2019-10-31 23:59:59' order  by ygmc,kh,lhrq [ RunTime:0.008789s ]

[ 2019-11-27T17:57:35+08:00 ] 192.168.8.216 /aaaxcx/index.php/home/Lhcx/lhcxcx
INFO: [ app_init ] --START--
INFO: Run Behavior\BuildLiteBehavior [ RunTime:0.000000s ]
INFO: [ app_init ] --END-- [ RunTime:0.000977s ]
INFO: [ app_begin ] --START--
INFO: Run Behavior\ReadHtmlCacheBehavior [ RunTime:0.001953s ]
INFO: [ app_begin ] --END-- [ RunTime:0.001953s ]
SQL: select convert(varchar,lhrq,23) as lhrq,ygmc,kh,ysmc,ms,zh,gxmc,tmbh,sb,sl from sclhdj
  where cast(lhrq as datetime) between  '2019-10-01 00:00:00' and '2019-10-31 23:59:59' order  by ygmc,kh,lhrq [ RunTime:0.001953s ]

[ 2019-11-27T17:57:35+08:00 ] 192.168.8.216 /aaaxcx/index.php/home/Lhcx/lhcxcx
INFO: [ app_init ] --START--
INFO: Run Behavior\BuildLiteBehavior [ RunTime:0.000000s ]
INFO: [ app_init ] --END-- [ RunTime:0.000977s ]
INFO: [ app_begin ] --START--
INFO: Run Behavior\ReadHtmlCacheBehavior [ RunTime:0.000977s ]
INFO: [ app_begin ] --END-- [ RunTime:0.000977s ]
SQL: select convert(varchar,lhrq,23) as lhrq,ygmc,kh,ysmc,ms,zh,gxmc,tmbh,sb,sl from sclhdj
  where cast(lhrq as datetime) between  '2019-11-01 00:00:00' and '2019-11-30 23:59:59' order  by ygmc,kh,lhrq [ RunTime:0.000976s ]

[ 2019-11-27T17:58:34+08:00 ] 192.168.8.216 /aaaxcx/index.php/home/Login/login
INFO: [ app_init ] --START--
INFO: Run Behavior\BuildLiteBehavior [ RunTime:0.000000s ]
INFO: [ app_init ] --END-- [ RunTime:0.000977s ]
INFO: [ app_begin ] --START--
INFO: Run Behavior\ReadHtmlCacheBehavior [ RunTime:0.000976s ]
INFO: [ app_begin ] --END-- [ RunTime:0.001953s ]
NOTIC: [8] Undefined index: db_port D:\WWW\aaaxcx\ThinkPHP\Library\Think\Db.class.php 第 127 行.
NOTIC: [8] Undefined index: db_dsn D:\WWW\aaaxcx\ThinkPHP\Library\Think\Db.class.php 第 129 行.
NOTIC: [8] Undefined index: db_params D:\WWW\aaaxcx\ThinkPHP\Library\Think\Db.class.php 第 130 行.
SQL: select * from user where dh='0003' and zt=1 [ RunTime:0.000976s ]
SQL: select * from daygda where  qxkh='0003007' [ RunTime:0.000977s ]
SQL: select bm from dabmda where bm=(select bm from daygda where qxkh='0003007') [ RunTime:0.000976s ]
SQL: select bm from dabmda where bm='车间' [ RunTime:0.000976s ]
SQL: select qxmc from dabmda where bm='车间'and dh='0003'  [ RunTime:0.000977s ]

