[ 2019-12-04T10:10:36+08:00 ] 192.168.8.240 /aaaxcx/index.php/home/Login/login
INFO: [ app_init ] --START--
INFO: Run Behavior\BuildLiteBehavior [ RunTime:0.000000s ]
INFO: [ app_init ] --END-- [ RunTime:0.001953s ]
INFO: [ app_begin ] --START--
INFO: Run Behavior\ReadHtmlCacheBehavior [ RunTime:0.001953s ]
INFO: [ app_begin ] --END-- [ RunTime:0.001953s ]
NOTIC: [8] Undefined index: db_port D:\WWW\aaaxcx\ThinkPHP\Library\Think\Db.class.php Á¨¨ 127 Ë°å.
NOTIC: [8] Undefined index: db_dsn D:\WWW\aaaxcx\ThinkPHP\Library\Think\Db.class.php Á¨¨ 129 Ë°å.
NOTIC: [8] Undefined index: db_params D:\WWW\aaaxcx\ThinkPHP\Library\Think\Db.class.php Á¨¨ 130 Ë°å.
SQL: select * from user where dh='0003' and zt=1 [ RunTime:0.006836s ]
SQL: select * from daygda where  qxkh='0003007' [ RunTime:0.001953s ]
SQL: select bm from dabmda where bm=(select bm from daygda where qxkh='0003007') [ RunTime:0.006836s ]
SQL: select bm from dabmda where bm='ËΩ¶Èó¥' [ RunTime:0.002930s ]
SQL: select qxmc from dabmda where bm='ËΩ¶Èó¥'and dh='0003'  [ RunTime:0.000977s ]

[ 2019-12-04T10:10:45+08:00 ] 192.168.8.240 /aaaxcx/index.php/home/Gpsm/ygclcx
INFO: [ app_init ] --START--
INFO: Run Behavior\BuildLiteBehavior [ RunTime:0.000000s ]
INFO: [ app_init ] --END-- [ RunTime:0.000977s ]
INFO: [ app_begin ] --START--
INFO: Run Behavior\ReadHtmlCacheBehavior [ RunTime:0.007812s ]
INFO: [ app_begin ] --END-- [ RunTime:0.007812s ]
SQL: select count(jhrq)as jhcs,isnull(ceiling(sum(jhsl)),0) as zjhsl,isnull(convert(nvarchar(30),convert(decimal(18,2),sum(je))),0) as zje from cmp
          where ygmc='Â∞èÈ£ì' and yggh='90001' and jhrq between convert(varchar(100),GETDATE(),23)+' 00:00:00' 
          and convert(varchar(100),getdate(),23)+' 23:59:59' [ RunTime:0.025391s ]

[ 2019-12-04T10:11:32+08:00 ] 192.168.8.240 /aaaxcx/index.php/home/Gpsm/gpsmcx
INFO: [ app_init ] --START--
INFO: Run Behavior\BuildLiteBehavior [ RunTime:0.000000s ]
INFO: [ app_init ] --END-- [ RunTime:0.003906s ]
INFO: [ app_begin ] --START--
INFO: Run Behavior\ReadHtmlCacheBehavior [ RunTime:0.001953s ]
INFO: [ app_begin ] --END-- [ RunTime:0.001953s ]
SQL: select top 1 fzm from scjhdj where jhrq='' and yydh_wfxs='' and tmbh='1912030032' [ RunTime:0.010742s ]
SQL: select top 1 skrlx from xtsz [ RunTime:0.006836s ]
SQL: select top 1 gpm,a.kh,qhqr,a.bz,a.gxmc,kh,dj,sl,ms,ysmc from scjhdj a,(select b.gxmc,c.ygmc,c.yggh from dagxda b,dagx_ygfp c 
                  where b.xh=c.xh and c.yggh='90001') as bb where a.gxmc=bb.gxmc and jhrq='' and bz='' and yydh_wfxs=''
                    and tmbh='1912030032' order by px
        [ RunTime:0.015625s ]
SQL: select top 1 gpm,gxmc from scjhdj where jhrq='' and bz='' and jhqr=1 and yydh_wfxs='' and 
                 tmbh='1912030032' and px<(select px from scjhdj where jhrq='' and gpm='19120300000063') order by px desc [ RunTime:0.019531s ]
ERR: 207:[Microsoft][SQL Server Native Client 10.0][SQL Server]¡–√˚ 'jhqr' Œﬁ–ß°£16945:[Microsoft][SQL Server Native Client 10.0][SQL Server]∏√”Œ±ÍŒ¥…˘√˜°£
 [ SQLËØ≠Âè• ] : select top 1 gpm,gxmc from scjhdj where jhrq='' and bz='' and jhqr=1 and yydh_wfxs='' and 
                 tmbh='1912030032' and px<(select px from scjhdj where jhrq='' and gpm='19120300000063') order by px desc
SQL: select isnull(gxsl,0) as gxsl from scjhdj where gpm='19120300000063' and tmbh='1912030032' [ RunTime:0.006836s ]
SQL: select top 1 isnull(jhsl,0) as sl from scjhdj where jhrq<>'' and bz='' and yydh_wfxs and ch 
            in (select top 1 ch from scjhdj where jhrq='' and gpm='19120300000063') order by px desc  [ RunTime:0.004883s ]
ERR: 4145:[Microsoft][SQL Server Native Client 10.0][SQL Server]‘⁄”¶ π”√Ãıº˛µƒ…œœ¬Œƒ(‘⁄ 'and' ∏ΩΩ¸)÷–÷∏∂®¡À∑«≤º∂˚¿‡–Õµƒ±Ì¥Ô Ω°£16954:[Microsoft][SQL Server Native Client 10.0][SQL Server]’˝‘⁄÷±Ω”÷¥–– SQL£ªŒﬁ”Œ±Í°£
 [ SQLËØ≠Âè• ] : select top 1 isnull(jhsl,0) as sl from scjhdj where jhrq<>'' and bz='' and yydh_wfxs and ch 
            in (select top 1 ch from scjhdj where jhrq='' and gpm='19120300000063') order by px desc 
SQL: select isnull(sl,0) as sl from scjhdj where gpm='19120300000063' [ RunTime:0.006836s ]
SQL: update scjhdj set jhsl='250.0000',je='250.0000'*dj,ygmc='Â∞èÈ£ì',yggh='90001',jhrq=convert(varchar(22),GETDATE(),120) where gpm='19120300000063' [ RunTime:0.200195s ]

[ 2019-12-04T10:12:36+08:00 ] 192.168.8.240 /aaaxcx/index.php/home/Login/login
INFO: [ app_init ] --START--
INFO: Run Behavior\BuildLiteBehavior [ RunTime:0.000000s ]
INFO: [ app_init ] --END-- [ RunTime:0.000977s ]
INFO: [ app_begin ] --START--
INFO: Run Behavior\ReadHtmlCacheBehavior [ RunTime:0.000977s ]
INFO: [ app_begin ] --END-- [ RunTime:0.001953s ]
NOTIC: [8] Undefined index: db_port D:\WWW\aaaxcx\ThinkPHP\Library\Think\Db.class.php Á¨¨ 127 Ë°å.
NOTIC: [8] Undefined index: db_dsn D:\WWW\aaaxcx\ThinkPHP\Library\Think\Db.class.php Á¨¨ 129 Ë°å.
NOTIC: [8] Undefined index: db_params D:\WWW\aaaxcx\ThinkPHP\Library\Think\Db.class.php Á¨¨ 130 Ë°å.
SQL: select * from user where dh='0003' and zt=1 [ RunTime:0.000977s ]
SQL: select * from daygda where  qxkh='0003001' [ RunTime:0.004882s ]
SQL: select bm from dabmda where bm=(select bm from daygda where qxkh='0003001') [ RunTime:0.006836s ]
SQL: select bm from dabmda where bm='ËΩ¶Èó¥' [ RunTime:0.000977s ]
SQL: select qxmc from dabmda where bm='ËΩ¶Èó¥'and dh='0003'  [ RunTime:0.000976s ]

[ 2019-12-04T10:12:50+08:00 ] 192.168.8.240 /aaaxcx/index.php/home/Gpsm/ygclcx
INFO: [ app_init ] --START--
INFO: Run Behavior\BuildLiteBehavior [ RunTime:0.000000s ]
INFO: [ app_init ] --END-- [ RunTime:0.001954s ]
INFO: [ app_begin ] --START--
INFO: Run Behavior\ReadHtmlCacheBehavior [ RunTime:0.001953s ]
INFO: [ app_begin ] --END-- [ RunTime:0.002930s ]
SQL: select count(jhrq)as jhcs,isnull(ceiling(sum(jhsl)),0) as zjhsl,isnull(convert(nvarchar(30),convert(decimal(18,2),sum(je))),0) as zje from cmp
          where ygmc='123' and yggh='90005' and jhrq between convert(varchar(100),GETDATE(),23)+' 00:00:00' 
          and convert(varchar(100),getdate(),23)+' 23:59:59' [ RunTime:0.027344s ]

[ 2019-12-04T10:13:04+08:00 ] 192.168.8.240 /aaaxcx/index.php/home/Gpsm/gpsmcx
INFO: [ app_init ] --START--
INFO: Run Behavior\BuildLiteBehavior [ RunTime:0.000000s ]
INFO: [ app_init ] --END-- [ RunTime:0.000976s ]
INFO: [ app_begin ] --START--
INFO: Run Behavior\ReadHtmlCacheBehavior [ RunTime:0.000976s ]
INFO: [ app_begin ] --END-- [ RunTime:0.000976s ]
SQL: select top 1 fzm from scjhdj where jhrq='' and yydh_wfxs='' and tmbh='1912030033' [ RunTime:0.008789s ]
SQL: select top 1 skrlx from xtsz [ RunTime:0.001953s ]
SQL: select top 1 gpm,a.kh,qhqr,a.bz,a.gxmc,kh,dj,sl,ms,ysmc from scjhdj a,(select b.gxmc,c.ygmc,c.yggh from dagxda b,dagx_ygfp c 
                  where b.xh=c.xh and c.yggh='90005') as bb where a.gxmc=bb.gxmc and jhrq='' and bz='' and yydh_wfxs=''
                    and tmbh='1912030033' order by px
        [ RunTime:0.016602s ]
SQL: select top 1 gpm,gxmc from scjhdj where jhrq='' and bz='' and jhqr=1 and yydh_wfxs='' and 
                 tmbh='1912030033' and px<(select px from scjhdj where jhrq='' and gpm='19120300000065') order by px desc [ RunTime:0.001953s ]
ERR: 207:[Microsoft][SQL Server Native Client 10.0][SQL Server]¡–√˚ 'jhqr' Œﬁ–ß°£16945:[Microsoft][SQL Server Native Client 10.0][SQL Server]∏√”Œ±ÍŒ¥…˘√˜°£
 [ SQLËØ≠Âè• ] : select top 1 gpm,gxmc from scjhdj where jhrq='' and bz='' and jhqr=1 and yydh_wfxs='' and 
                 tmbh='1912030033' and px<(select px from scjhdj where jhrq='' and gpm='19120300000065') order by px desc
SQL: select isnull(gxsl,0) as gxsl from scjhdj where gpm='19120300000065' and tmbh='1912030033' [ RunTime:0.006836s ]
SQL: select top 1 isnull(jhsl,0) as sl from scjhdj where jhrq<>'' and bz='' and yydh_wfxs and ch 
            in (select top 1 ch from scjhdj where jhrq='' and gpm='19120300000065') order by px desc  [ RunTime:0.000977s ]
ERR: 4145:[Microsoft][SQL Server Native Client 10.0][SQL Server]‘⁄”¶ π”√Ãıº˛µƒ…œœ¬Œƒ(‘⁄ 'and' ∏ΩΩ¸)÷–÷∏∂®¡À∑«≤º∂˚¿‡–Õµƒ±Ì¥Ô Ω°£16954:[Microsoft][SQL Server Native Client 10.0][SQL Server]’˝‘⁄÷±Ω”÷¥–– SQL£ªŒﬁ”Œ±Í°£
 [ SQLËØ≠Âè• ] : select top 1 isnull(jhsl,0) as sl from scjhdj where jhrq<>'' and bz='' and yydh_wfxs and ch 
            in (select top 1 ch from scjhdj where jhrq='' and gpm='19120300000065') order by px desc 
SQL: select isnull(sl,0) as sl from scjhdj where gpm='19120300000065' [ RunTime:0.005859s ]
SQL: update scjhdj set jhsl='250.0000',je='250.0000'*dj,ygmc='123',yggh='90005',jhrq=convert(varchar(22),GETDATE(),120) where gpm='19120300000065' [ RunTime:0.008789s ]

[ 2019-12-04T10:16:06+08:00 ] 192.168.8.240 /aaaxcx/index.php/home/Gpsm/gpsmcx
INFO: [ app_init ] --START--
INFO: Run Behavior\BuildLiteBehavior [ RunTime:0.000000s ]
INFO: [ app_init ] --END-- [ RunTime:0.000977s ]
INFO: [ app_begin ] --START--
INFO: Run Behavior\ReadHtmlCacheBehavior [ RunTime:0.000976s ]
INFO: [ app_begin ] --END-- [ RunTime:0.000976s ]
SQL: select top 1 fzm from scjhdj where jhrq='' and yydh_wfxs='' and tmbh='1912030017' [ RunTime:0.012695s ]
SQL: select top 1 skrlx from xtsz [ RunTime:0.000977s ]
SQL: select top 1 gpm,a.kh,qhqr,a.bz,a.gxmc,kh,dj,sl,ms,ysmc from scjhdj a,(select b.gxmc,c.ygmc,c.yggh from dagxda b,dagx_ygfp c 
                  where b.xh=c.xh and c.yggh='90005') as bb where a.gxmc=bb.gxmc and jhrq='' and bz='' and yydh_wfxs=''
                    and tmbh='1912030017' order by px
        [ RunTime:0.020508s ]
SQL: select top 1 gpm,gxmc from scjhdj where jhrq='' and bz='' and jhqr=1 and yydh_wfxs='' and 
                 tmbh='1912030017' and px<(select px from scjhdj where jhrq='' and gpm='19120300000033') order by px desc [ RunTime:0.004883s ]
ERR: 207:[Microsoft][SQL Server Native Client 10.0][SQL Server]¡–√˚ 'jhqr' Œﬁ–ß°£16945:[Microsoft][SQL Server Native Client 10.0][SQL Server]∏√”Œ±ÍŒ¥…˘√˜°£
 [ SQLËØ≠Âè• ] : select top 1 gpm,gxmc from scjhdj where jhrq='' and bz='' and jhqr=1 and yydh_wfxs='' and 
                 tmbh='1912030017' and px<(select px from scjhdj where jhrq='' and gpm='19120300000033') order by px desc
SQL: select isnull(gxsl,0) as gxsl from scjhdj where gpm='19120300000033' and tmbh='1912030017' [ RunTime:0.007813s ]
SQL: select top 1 isnull(jhsl,0) as sl from scjhdj where jhrq<>'' and bz='' and yydh_wfxs and ch 
            in (select top 1 ch from scjhdj where jhrq='' and gpm='19120300000033') order by px desc  [ RunTime:0.000977s ]
ERR: 4145:[Microsoft][SQL Server Native Client 10.0][SQL Server]‘⁄”¶ π”√Ãıº˛µƒ…œœ¬Œƒ(‘⁄ 'and' ∏ΩΩ¸)÷–÷∏∂®¡À∑«≤º∂˚¿‡–Õµƒ±Ì¥Ô Ω°£16954:[Microsoft][SQL Server Native Client 10.0][SQL Server]’˝‘⁄÷±Ω”÷¥–– SQL£ªŒﬁ”Œ±Í°£
 [ SQLËØ≠Âè• ] : select top 1 isnull(jhsl,0) as sl from scjhdj where jhrq<>'' and bz='' and yydh_wfxs and ch 
            in (select top 1 ch from scjhdj where jhrq='' and gpm='19120300000033') order by px desc 
SQL: select isnull(sl,0) as sl from scjhdj where gpm='19120300000033' [ RunTime:0.007813s ]
SQL: update scjhdj set jhsl='250.0000',je='250.0000'*dj,ygmc='123',yggh='90005',jhrq=convert(varchar(22),GETDATE(),120) where gpm='19120300000033' [ RunTime:0.016602s ]

