[ 2019-11-09T09:32:51+08:00 ] 192.168.8.231 /aaaxcx/index.php/home/Login/login
INFO: [ app_init ] --START--
INFO: Run Behavior\BuildLiteBehavior [ RunTime:0.000000s ]
INFO: [ app_init ] --END-- [ RunTime:0.000000s ]
INFO: [ app_begin ] --START--
INFO: Run Behavior\ReadHtmlCacheBehavior [ RunTime:0.015625s ]
INFO: [ app_begin ] --END-- [ RunTime:0.015625s ]
NOTIC: [8] Undefined index: db_port D:\WWW\aaaxcx\ThinkPHP\Library\Think\Db.class.php Á¨¨ 127 Ë°å.
NOTIC: [8] Undefined index: db_dsn D:\WWW\aaaxcx\ThinkPHP\Library\Think\Db.class.php Á¨¨ 129 Ë°å.
NOTIC: [8] Undefined index: db_params D:\WWW\aaaxcx\ThinkPHP\Library\Think\Db.class.php Á¨¨ 130 Ë°å.
SQL: select * from user where dh='001'  [ RunTime:0.000000s ]
SQL: select * from daygda where  qxkh='800001' [ RunTime:0.031250s ]

[ 2019-11-09T09:32:53+08:00 ] 192.168.8.231 /aaaxcx/index.php/home/Gpsm/ygclcx
INFO: [ app_init ] --START--
INFO: Run Behavior\BuildLiteBehavior [ RunTime:0.000000s ]
INFO: [ app_init ] --END-- [ RunTime:0.000000s ]
INFO: [ app_begin ] --START--
INFO: Run Behavior\ReadHtmlCacheBehavior [ RunTime:0.000000s ]
INFO: [ app_begin ] --END-- [ RunTime:0.000000s ]
SQL: select count(jhrq)as jhcs,isnull(ceiling(sum(jhsl)),0) as zjhsl,isnull(convert(nvarchar(30),convert(decimal(18,2),sum(je))),0) as zje from cmp
          where ygmc='Â∞èÈ£ì' and yggh='90001' and jhrq between convert(varchar(100),GETDATE(),23)+' 00:00:00' 
          and convert(varchar(100),getdate(),23)+' 23:59:59' [ RunTime:0.046875s ]

[ 2019-11-09T09:33:37+08:00 ] 192.168.8.231 /aaaxcx/index.php/home/Gpsm/cxjhsx
INFO: [ app_init ] --START--
INFO: Run Behavior\BuildLiteBehavior [ RunTime:0.000000s ]
INFO: [ app_init ] --END-- [ RunTime:0.000000s ]
INFO: [ app_begin ] --START--
INFO: Run Behavior\ReadHtmlCacheBehavior [ RunTime:0.000000s ]
INFO: [ app_begin ] --END-- [ RunTime:0.000000s ]
SQL: select sfgxmc from xtsz [ RunTime:0.015625s ]

[ 2019-11-09T09:33:37+08:00 ] 192.168.8.231 /aaaxcx/index.php/home/Gpsm/cxjhgx
INFO: [ app_init ] --START--
INFO: Run Behavior\BuildLiteBehavior [ RunTime:0.000000s ]
INFO: [ app_init ] --END-- [ RunTime:0.000000s ]
INFO: [ app_begin ] --START--
INFO: Run Behavior\ReadHtmlCacheBehavior [ RunTime:0.000000s ]
INFO: [ app_begin ] --END-- [ RunTime:0.000000s ]
SQL: select gxmc from dagx_ygfp a,dagxda b where a.yggh='90001' and a.xh=b.xh and b.gxmc in(
         select a.gxmc from scjhdj a where tmbh='1911080029' and a.yggh='' and qhqr=0)  [ RunTime:0.031250s ]
SQL: select top 1 fzm from scjhdj where jhrq='' and yydh_wfxs='' and tmbh='Â∞èÈ£ì' [ RunTime:0.015625s ]

[ 2019-11-09T09:35:08+08:00 ] 192.168.8.231 /aaaxcx/index.php/home/Gpsm/cxjhsx
INFO: [ app_init ] --START--
INFO: Run Behavior\BuildLiteBehavior [ RunTime:0.000000s ]
INFO: [ app_init ] --END-- [ RunTime:0.000000s ]
INFO: [ app_begin ] --START--
INFO: Run Behavior\ReadHtmlCacheBehavior [ RunTime:0.000000s ]
INFO: [ app_begin ] --END-- [ RunTime:0.000000s ]
SQL: select sfgxmc from xtsz [ RunTime:0.015625s ]

[ 2019-11-09T09:35:08+08:00 ] 192.168.8.231 /aaaxcx/index.php/home/Gpsm/cxjhgx
INFO: [ app_init ] --START--
INFO: Run Behavior\BuildLiteBehavior [ RunTime:0.000000s ]
INFO: [ app_init ] --END-- [ RunTime:0.000000s ]
INFO: [ app_begin ] --START--
INFO: Run Behavior\ReadHtmlCacheBehavior [ RunTime:0.000000s ]
INFO: [ app_begin ] --END-- [ RunTime:0.000000s ]
SQL: select gxmc from dagx_ygfp a,dagxda b where a.yggh='90001' and a.xh=b.xh and b.gxmc in(
         select a.gxmc from scjhdj a where tmbh='1911080029' and a.yggh='' and qhqr=0)  [ RunTime:0.000000s ]
SQL: select top 1 fzm from scjhdj where jhrq='' and yydh_wfxs='' and tmbh='Â∞èÈ£ì' [ RunTime:0.000000s ]

[ 2019-11-09T09:37:42+08:00 ] 192.168.8.231 /aaaxcx/index.php/home/Gpsm/cxjhsx
INFO: [ app_init ] --START--
INFO: Run Behavior\BuildLiteBehavior [ RunTime:0.000000s ]
INFO: [ app_init ] --END-- [ RunTime:0.000000s ]
INFO: [ app_begin ] --START--
INFO: Run Behavior\ReadHtmlCacheBehavior [ RunTime:0.000000s ]
INFO: [ app_begin ] --END-- [ RunTime:0.000000s ]
SQL: select sfgxmc from xtsz [ RunTime:0.015625s ]

[ 2019-11-09T09:37:42+08:00 ] 192.168.8.231 /aaaxcx/index.php/home/Gpsm/cxjhgx
INFO: [ app_init ] --START--
INFO: Run Behavior\BuildLiteBehavior [ RunTime:0.000000s ]
INFO: [ app_init ] --END-- [ RunTime:0.000000s ]
INFO: [ app_begin ] --START--
INFO: Run Behavior\ReadHtmlCacheBehavior [ RunTime:0.000000s ]
INFO: [ app_begin ] --END-- [ RunTime:0.000000s ]
SQL: select gxmc from dagx_ygfp a,dagxda b where a.yggh='90001' and a.xh=b.xh and b.gxmc in(
         select a.gxmc from scjhdj a where tmbh='1911080029' and a.yggh='' and qhqr=0)  [ RunTime:0.000000s ]
SQL: select top 1 fzm from scjhdj where jhrq='' and yydh_wfxs='' and tmbh='Â∞èÈ£ì' [ RunTime:0.000000s ]

[ 2019-11-09T09:38:14+08:00 ] 192.168.8.231 /aaaxcx/index.php/home/Gpsm/cxjhsx
INFO: [ app_init ] --START--
INFO: Run Behavior\BuildLiteBehavior [ RunTime:0.000000s ]
INFO: [ app_init ] --END-- [ RunTime:0.000000s ]
INFO: [ app_begin ] --START--
INFO: Run Behavior\ReadHtmlCacheBehavior [ RunTime:0.000000s ]
INFO: [ app_begin ] --END-- [ RunTime:0.000000s ]
SQL: select sfgxmc from xtsz [ RunTime:0.000000s ]

[ 2019-11-09T09:38:14+08:00 ] 192.168.8.231 /aaaxcx/index.php/home/Gpsm/cxjhgx
INFO: [ app_init ] --START--
INFO: Run Behavior\BuildLiteBehavior [ RunTime:0.000000s ]
INFO: [ app_init ] --END-- [ RunTime:0.000000s ]
INFO: [ app_begin ] --START--
INFO: Run Behavior\ReadHtmlCacheBehavior [ RunTime:0.000000s ]
INFO: [ app_begin ] --END-- [ RunTime:0.000000s ]
SQL: select gxmc from dagx_ygfp a,dagxda b where a.yggh='90001' and a.xh=b.xh and b.gxmc in(
         select a.gxmc from scjhdj a where tmbh='1911080029' and a.yggh='' and qhqr=0)  [ RunTime:0.000000s ]
SQL: select top 1 fzm from scjhdj where jhrq='' and yydh_wfxs='' and tmbh='Â∞èÈ£ì' [ RunTime:0.000000s ]

[ 2019-11-09T09:38:43+08:00 ] 192.168.8.231 /aaaxcx/index.php/home/Gpsm/cxjhsx
INFO: [ app_init ] --START--
INFO: Run Behavior\BuildLiteBehavior [ RunTime:0.000000s ]
INFO: [ app_init ] --END-- [ RunTime:0.000000s ]
INFO: [ app_begin ] --START--
INFO: Run Behavior\ReadHtmlCacheBehavior [ RunTime:0.000000s ]
INFO: [ app_begin ] --END-- [ RunTime:0.000000s ]
SQL: select sfgxmc from xtsz [ RunTime:0.000000s ]

[ 2019-11-09T09:38:43+08:00 ] 192.168.8.231 /aaaxcx/index.php/home/Gpsm/cxjhgx
INFO: [ app_init ] --START--
INFO: Run Behavior\BuildLiteBehavior [ RunTime:0.000000s ]
INFO: [ app_init ] --END-- [ RunTime:0.000000s ]
INFO: [ app_begin ] --START--
INFO: Run Behavior\ReadHtmlCacheBehavior [ RunTime:0.000000s ]
INFO: [ app_begin ] --END-- [ RunTime:0.000000s ]
SQL: select gxmc from dagx_ygfp a,dagxda b where a.yggh='90001' and a.xh=b.xh and b.gxmc in(
         select a.gxmc from scjhdj a where tmbh='1911080029' and a.yggh='' and qhqr=0)  [ RunTime:0.000000s ]
SQL: select top 1 fzm from scjhdj where jhrq='' and yydh_wfxs='' and tmbh='Â∞èÈ£ì' [ RunTime:0.000000s ]

[ 2019-11-09T09:41:30+08:00 ] 192.168.8.231 /aaaxcx/index.php/home/Login/login
INFO: [ app_init ] --START--
INFO: Run Behavior\BuildLiteBehavior [ RunTime:0.000000s ]
INFO: [ app_init ] --END-- [ RunTime:0.000976s ]
INFO: [ app_begin ] --START--
INFO: Run Behavior\ReadHtmlCacheBehavior [ RunTime:0.000976s ]
INFO: [ app_begin ] --END-- [ RunTime:0.000976s ]
NOTIC: [8] Undefined index: db_port D:\WWW\aaaxcx\ThinkPHP\Library\Think\Db.class.php Á¨¨ 127 Ë°å.
NOTIC: [8] Undefined index: db_dsn D:\WWW\aaaxcx\ThinkPHP\Library\Think\Db.class.php Á¨¨ 129 Ë°å.
NOTIC: [8] Undefined index: db_params D:\WWW\aaaxcx\ThinkPHP\Library\Think\Db.class.php Á¨¨ 130 Ë°å.
SQL: select * from user where dh='001'  [ RunTime:0.000000s ]
SQL: select * from daygda where  qxkh='007' [ RunTime:0.000976s ]

[ 2019-11-09T09:41:31+08:00 ] 192.168.8.231 /aaaxcx/index.php/home/Gpsm/ygclcx
INFO: [ app_init ] --START--
INFO: Run Behavior\BuildLiteBehavior [ RunTime:0.000000s ]
INFO: [ app_init ] --END-- [ RunTime:0.000977s ]
INFO: [ app_begin ] --START--
INFO: Run Behavior\ReadHtmlCacheBehavior [ RunTime:0.000977s ]
INFO: [ app_begin ] --END-- [ RunTime:0.000977s ]
SQL: select count(jhrq)as jhcs,isnull(ceiling(sum(jhsl)),0) as zjhsl,isnull(convert(nvarchar(30),convert(decimal(18,2),sum(je))),0) as zje from cmp
          where ygmc='' and yggh='' and jhrq between convert(varchar(100),GETDATE(),23)+' 00:00:00' 
          and convert(varchar(100),getdate(),23)+' 23:59:59' [ RunTime:0.008789s ]

[ 2019-11-09T09:41:39+08:00 ] 192.168.8.231 /aaaxcx/index.php/home/Gpsm/cxjhsx
INFO: [ app_init ] --START--
INFO: Run Behavior\BuildLiteBehavior [ RunTime:0.000000s ]
INFO: [ app_init ] --END-- [ RunTime:0.000977s ]
INFO: [ app_begin ] --START--
INFO: Run Behavior\ReadHtmlCacheBehavior [ RunTime:0.000977s ]
INFO: [ app_begin ] --END-- [ RunTime:0.000977s ]
SQL: select sfgxmc from xtsz [ RunTime:0.001953s ]

[ 2019-11-09T09:41:39+08:00 ] 192.168.8.231 /aaaxcx/index.php/home/Gpsm/cxjhgx
INFO: [ app_init ] --START--
INFO: Run Behavior\BuildLiteBehavior [ RunTime:0.000977s ]
INFO: [ app_init ] --END-- [ RunTime:0.000977s ]
INFO: [ app_begin ] --START--
INFO: Run Behavior\ReadHtmlCacheBehavior [ RunTime:0.000977s ]
INFO: [ app_begin ] --END-- [ RunTime:0.000977s ]
SQL: select gxmc from dagx_ygfp a,dagxda b where a.yggh='' and a.xh=b.xh and b.gxmc in(
         select a.gxmc from scjhdj a where tmbh='1911080029' and a.yggh='' and qhqr=0)  [ RunTime:0.027344s ]
SQL: select top 1 fzm from scjhdj where jhrq='' and yydh_wfxs='' and tmbh='' [ RunTime:0.007813s ]

[ 2019-11-09T09:53:59+08:00 ] 192.168.8.231 /aaaxcx/index.php/home/Login/login
INFO: [ app_init ] --START--
INFO: Run Behavior\BuildLiteBehavior [ RunTime:0.000000s ]
INFO: [ app_init ] --END-- [ RunTime:0.000977s ]
INFO: [ app_begin ] --START--
INFO: Run Behavior\ReadHtmlCacheBehavior [ RunTime:0.000977s ]
INFO: [ app_begin ] --END-- [ RunTime:0.001953s ]
NOTIC: [8] Undefined index: db_port D:\WWW\aaaxcx\ThinkPHP\Library\Think\Db.class.php Á¨¨ 127 Ë°å.
NOTIC: [8] Undefined index: db_dsn D:\WWW\aaaxcx\ThinkPHP\Library\Think\Db.class.php Á¨¨ 129 Ë°å.
NOTIC: [8] Undefined index: db_params D:\WWW\aaaxcx\ThinkPHP\Library\Think\Db.class.php Á¨¨ 130 Ë°å.
SQL: select * from user where dh='001'  [ RunTime:0.000977s ]
SQL: select * from daygda where  qxkh='007' [ RunTime:0.000976s ]

[ 2019-11-09T09:54:05+08:00 ] 192.168.8.231 /aaaxcx/index.php/home/Gpsm/ygclcx
INFO: [ app_init ] --START--
INFO: Run Behavior\BuildLiteBehavior [ RunTime:0.000000s ]
INFO: [ app_init ] --END-- [ RunTime:0.000000s ]
INFO: [ app_begin ] --START--
INFO: Run Behavior\ReadHtmlCacheBehavior [ RunTime:0.000977s ]
INFO: [ app_begin ] --END-- [ RunTime:0.001953s ]
SQL: select count(jhrq)as jhcs,isnull(ceiling(sum(jhsl)),0) as zjhsl,isnull(convert(nvarchar(30),convert(decimal(18,2),sum(je))),0) as zje from cmp
          where ygmc='' and yggh='' and jhrq between convert(varchar(100),GETDATE(),23)+' 00:00:00' 
          and convert(varchar(100),getdate(),23)+' 23:59:59' [ RunTime:0.000977s ]

[ 2019-11-09T09:54:08+08:00 ] 192.168.8.231 /aaaxcx/index.php/home/Gpsm/gpsmcx
INFO: [ app_init ] --START--
INFO: Run Behavior\BuildLiteBehavior [ RunTime:0.000976s ]
INFO: [ app_init ] --END-- [ RunTime:0.000976s ]
INFO: [ app_begin ] --START--
INFO: Run Behavior\ReadHtmlCacheBehavior [ RunTime:0.000977s ]
INFO: [ app_begin ] --END-- [ RunTime:0.000977s ]
SQL: select top 1 fzm from scjhdj where jhrq='' and yydh_wfxs='' and tmbh='1911080029' [ RunTime:0.006836s ]

[ 2019-11-09T09:54:19+08:00 ] 192.168.8.231 /aaaxcx/index.php/home/Gpsm/gpsmcx
INFO: [ app_init ] --START--
INFO: Run Behavior\BuildLiteBehavior [ RunTime:0.000000s ]
INFO: [ app_init ] --END-- [ RunTime:0.000976s ]
INFO: [ app_begin ] --START--
INFO: Run Behavior\ReadHtmlCacheBehavior [ RunTime:0.000976s ]
INFO: [ app_begin ] --END-- [ RunTime:0.000976s ]
SQL: select top 1 fzm from scjhdj where jhrq='' and yydh_wfxs='' and tmbh='1911080028' [ RunTime:0.005860s ]
SQL: select top 1 skrlx from xtsz [ RunTime:0.003906s ]
SQL: select top 1 gpm,a.kh,qhqr,a.bz,a.gxmc,kh,dj,sl,ms,ysmc from scjhdj a,(select b.gxmc,c.ygmc,c.yggh from dagxda b,dagx_ygfp c 
                  where b.xh=c.xh and c.yggh='') as bb where a.gxmc=bb.gxmc and jhrq='' and bz='' and yydh_wfxs=''
                    and tmbh='1911080028' order by px
        [ RunTime:0.011719s ]
NOTIC: [8] Undefined offset: 0 D:\WWW\aaaxcx\Application\Home\Controller\GpsmController.class.php Á¨¨ 53 Ë°å.
SQL: select top 1 gxmc from scjhdj where jhrq='' and bz='' and jhqr=1 and yydh_wflx='' 
           and tmbh='1911080028' order  by px [ RunTime:0.006836s ]
ERR: 207:[Microsoft][SQL Server Native Client 10.0][SQL Server]¡–√˚ 'jhqr' Œﬁ–ß°£207:[Microsoft][SQL Server Native Client 10.0][SQL Server]¡–√˚ 'yydh_wflx' Œﬁ–ß°£16945:[Microsoft][SQL Server Native Client 10.0][SQL Server]∏√”Œ±ÍŒ¥…˘√˜°£
 [ SQLËØ≠Âè• ] : select top 1 gxmc from scjhdj where jhrq='' and bz='' and jhqr=1 and yydh_wflx='' 
           and tmbh='1911080028' order  by px
SQL: select isnull(gxsl,0) as gxsl from scjhdj where gpm='' and tmbh='1911080028' [ RunTime:0.004883s ]
NOTIC: [8] Undefined offset: 0 D:\WWW\aaaxcx\Application\Home\Controller\GpsmController.class.php Á¨¨ 87 Ë°å.
SQL: select top 1 isnull(jhsl,0) as sl from scjhdj where jhrq<>'' and bz='' and yydh_wfxs and ch 
            in (select top 1 ch from scjhdj where jhrq='' and gpm='') order by px desc  [ RunTime:0.001953s ]
ERR: 4145:[Microsoft][SQL Server Native Client 10.0][SQL Server]‘⁄”¶ π”√Ãıº˛µƒ…œœ¬Œƒ(‘⁄ 'and' ∏ΩΩ¸)÷–÷∏∂®¡À∑«≤º∂˚¿‡–Õµƒ±Ì¥Ô Ω°£16954:[Microsoft][SQL Server Native Client 10.0][SQL Server]’˝‘⁄÷±Ω”÷¥–– SQL£ªŒﬁ”Œ±Í°£
 [ SQLËØ≠Âè• ] : select top 1 isnull(jhsl,0) as sl from scjhdj where jhrq<>'' and bz='' and yydh_wfxs and ch 
            in (select top 1 ch from scjhdj where jhrq='' and gpm='') order by px desc 
SQL: select isnull(sl,0) as sl from scjhdj where gpm='' [ RunTime:0.003907s ]
NOTIC: [8] Undefined offset: 0 D:\WWW\aaaxcx\Application\Home\Controller\GpsmController.class.php Á¨¨ 101 Ë°å.
SQL: update scjhdj set jhsl='',je=''*dj,ygmc='',yggh='',jhrq=convert(varchar(22),GETDATE(),120) where gpm='' [ RunTime:0.012695s ]
ERR: 8114:[Microsoft][SQL Server Native Client 10.0][SQL Server]¥” ˝æ›¿‡–Õ varchar ◊™ªªŒ™ numeric  ±≥ˆ¥Ì°£
 [ SQLËØ≠Âè• ] : update scjhdj set jhsl='',je=''*dj,ygmc='',yggh='',jhrq=convert(varchar(22),GETDATE(),120) where gpm=''
INFO: [ app_end ] --START--
INFO: Run Behavior\ShowPageTraceBehavior [ RunTime:0.001954s ]
INFO: [ app_end ] --END-- [ RunTime:0.002930s ]

[ 2019-11-09T09:54:25+08:00 ] 192.168.8.231 /aaaxcx/index.php/home/Gpsm/gpsmcx
INFO: [ app_init ] --START--
INFO: Run Behavior\BuildLiteBehavior [ RunTime:0.000000s ]
INFO: [ app_init ] --END-- [ RunTime:0.000000s ]
INFO: [ app_begin ] --START--
INFO: Run Behavior\ReadHtmlCacheBehavior [ RunTime:0.000976s ]
INFO: [ app_begin ] --END-- [ RunTime:0.000976s ]
SQL: select top 1 fzm from scjhdj where jhrq='' and yydh_wfxs='' and tmbh='1911080021' [ RunTime:0.005860s ]
SQL: select top 1 skrlx from xtsz [ RunTime:0.000977s ]
SQL: select top 1 gpm,a.kh,qhqr,a.bz,a.gxmc,kh,dj,sl,ms,ysmc from scjhdj a,(select b.gxmc,c.ygmc,c.yggh from dagxda b,dagx_ygfp c 
                  where b.xh=c.xh and c.yggh='') as bb where a.gxmc=bb.gxmc and jhrq='' and bz='' and yydh_wfxs=''
                    and tmbh='1911080021' order by px
        [ RunTime:0.011719s ]
NOTIC: [8] Undefined offset: 0 D:\WWW\aaaxcx\Application\Home\Controller\GpsmController.class.php Á¨¨ 53 Ë°å.
SQL: select top 1 gxmc from scjhdj where jhrq='' and bz='' and jhqr=1 and yydh_wflx='' 
           and tmbh='1911080021' order  by px [ RunTime:0.000977s ]
ERR: 207:[Microsoft][SQL Server Native Client 10.0][SQL Server]¡–√˚ 'jhqr' Œﬁ–ß°£207:[Microsoft][SQL Server Native Client 10.0][SQL Server]¡–√˚ 'yydh_wflx' Œﬁ–ß°£16945:[Microsoft][SQL Server Native Client 10.0][SQL Server]∏√”Œ±ÍŒ¥…˘√˜°£
 [ SQLËØ≠Âè• ] : select top 1 gxmc from scjhdj where jhrq='' and bz='' and jhqr=1 and yydh_wflx='' 
           and tmbh='1911080021' order  by px
SQL: select isnull(gxsl,0) as gxsl from scjhdj where gpm='' and tmbh='1911080021' [ RunTime:0.003906s ]
NOTIC: [8] Undefined offset: 0 D:\WWW\aaaxcx\Application\Home\Controller\GpsmController.class.php Á¨¨ 87 Ë°å.
SQL: select top 1 isnull(jhsl,0) as sl from scjhdj where jhrq<>'' and bz='' and yydh_wfxs and ch 
            in (select top 1 ch from scjhdj where jhrq='' and gpm='') order by px desc  [ RunTime:0.000977s ]
ERR: 4145:[Microsoft][SQL Server Native Client 10.0][SQL Server]‘⁄”¶ π”√Ãıº˛µƒ…œœ¬Œƒ(‘⁄ 'and' ∏ΩΩ¸)÷–÷∏∂®¡À∑«≤º∂˚¿‡–Õµƒ±Ì¥Ô Ω°£16954:[Microsoft][SQL Server Native Client 10.0][SQL Server]’˝‘⁄÷±Ω”÷¥–– SQL£ªŒﬁ”Œ±Í°£
 [ SQLËØ≠Âè• ] : select top 1 isnull(jhsl,0) as sl from scjhdj where jhrq<>'' and bz='' and yydh_wfxs and ch 
            in (select top 1 ch from scjhdj where jhrq='' and gpm='') order by px desc 
SQL: select isnull(sl,0) as sl from scjhdj where gpm='' [ RunTime:0.000977s ]
NOTIC: [8] Undefined offset: 0 D:\WWW\aaaxcx\Application\Home\Controller\GpsmController.class.php Á¨¨ 101 Ë°å.
SQL: update scjhdj set jhsl='',je=''*dj,ygmc='',yggh='',jhrq=convert(varchar(22),GETDATE(),120) where gpm='' [ RunTime:0.000976s ]
ERR: 8114:[Microsoft][SQL Server Native Client 10.0][SQL Server]¥” ˝æ›¿‡–Õ varchar ◊™ªªŒ™ numeric  ±≥ˆ¥Ì°£
 [ SQLËØ≠Âè• ] : update scjhdj set jhsl='',je=''*dj,ygmc='',yggh='',jhrq=convert(varchar(22),GETDATE(),120) where gpm=''
INFO: [ app_end ] --START--
INFO: Run Behavior\ShowPageTraceBehavior [ RunTime:0.001953s ]
INFO: [ app_end ] --END-- [ RunTime:0.001953s ]

[ 2019-11-09T09:54:34+08:00 ] 192.168.8.231 /aaaxcx/index.php/home/Gpsm/gpsmcx
INFO: [ app_init ] --START--
INFO: Run Behavior\BuildLiteBehavior [ RunTime:0.000000s ]
INFO: [ app_init ] --END-- [ RunTime:0.000000s ]
INFO: [ app_begin ] --START--
INFO: Run Behavior\ReadHtmlCacheBehavior [ RunTime:0.000977s ]
INFO: [ app_begin ] --END-- [ RunTime:0.000977s ]
SQL: select top 1 fzm from scjhdj where jhrq='' and yydh_wfxs='' and tmbh='1911080021' [ RunTime:0.000977s ]
SQL: select top 1 skrlx from xtsz [ RunTime:0.000000s ]
SQL: select top 1 gpm,a.kh,qhqr,a.bz,a.gxmc,kh,dj,sl,ms,ysmc from scjhdj a,(select b.gxmc,c.ygmc,c.yggh from dagxda b,dagx_ygfp c 
                  where b.xh=c.xh and c.yggh='') as bb where a.gxmc=bb.gxmc and jhrq='' and bz='' and yydh_wfxs=''
                    and tmbh='1911080021' order by px
        [ RunTime:0.000976s ]
NOTIC: [8] Undefined offset: 0 D:\WWW\aaaxcx\Application\Home\Controller\GpsmController.class.php Á¨¨ 53 Ë°å.
SQL: select top 1 gxmc from scjhdj where jhrq='' and bz='' and jhqr=1 and yydh_wflx='' 
           and tmbh='1911080021' order  by px [ RunTime:0.000977s ]
ERR: 207:[Microsoft][SQL Server Native Client 10.0][SQL Server]¡–√˚ 'jhqr' Œﬁ–ß°£207:[Microsoft][SQL Server Native Client 10.0][SQL Server]¡–√˚ 'yydh_wflx' Œﬁ–ß°£16945:[Microsoft][SQL Server Native Client 10.0][SQL Server]∏√”Œ±ÍŒ¥…˘√˜°£
 [ SQLËØ≠Âè• ] : select top 1 gxmc from scjhdj where jhrq='' and bz='' and jhqr=1 and yydh_wflx='' 
           and tmbh='1911080021' order  by px
SQL: select isnull(gxsl,0) as gxsl from scjhdj where gpm='' and tmbh='1911080021' [ RunTime:0.000976s ]
NOTIC: [8] Undefined offset: 0 D:\WWW\aaaxcx\Application\Home\Controller\GpsmController.class.php Á¨¨ 87 Ë°å.
SQL: select top 1 isnull(jhsl,0) as sl from scjhdj where jhrq<>'' and bz='' and yydh_wfxs and ch 
            in (select top 1 ch from scjhdj where jhrq='' and gpm='') order by px desc  [ RunTime:0.000977s ]
ERR: 4145:[Microsoft][SQL Server Native Client 10.0][SQL Server]‘⁄”¶ π”√Ãıº˛µƒ…œœ¬Œƒ(‘⁄ 'and' ∏ΩΩ¸)÷–÷∏∂®¡À∑«≤º∂˚¿‡–Õµƒ±Ì¥Ô Ω°£16954:[Microsoft][SQL Server Native Client 10.0][SQL Server]’˝‘⁄÷±Ω”÷¥–– SQL£ªŒﬁ”Œ±Í°£
 [ SQLËØ≠Âè• ] : select top 1 isnull(jhsl,0) as sl from scjhdj where jhrq<>'' and bz='' and yydh_wfxs and ch 
            in (select top 1 ch from scjhdj where jhrq='' and gpm='') order by px desc 
SQL: select isnull(sl,0) as sl from scjhdj where gpm='' [ RunTime:0.000976s ]
NOTIC: [8] Undefined offset: 0 D:\WWW\aaaxcx\Application\Home\Controller\GpsmController.class.php Á¨¨ 101 Ë°å.
SQL: update scjhdj set jhsl='',je=''*dj,ygmc='',yggh='',jhrq=convert(varchar(22),GETDATE(),120) where gpm='' [ RunTime:0.000976s ]
ERR: 8114:[Microsoft][SQL Server Native Client 10.0][SQL Server]¥” ˝æ›¿‡–Õ varchar ◊™ªªŒ™ numeric  ±≥ˆ¥Ì°£
 [ SQLËØ≠Âè• ] : update scjhdj set jhsl='',je=''*dj,ygmc='',yggh='',jhrq=convert(varchar(22),GETDATE(),120) where gpm=''
INFO: [ app_end ] --START--
INFO: Run Behavior\ShowPageTraceBehavior [ RunTime:0.000977s ]
INFO: [ app_end ] --END-- [ RunTime:0.000977s ]

[ 2019-11-09T09:55:15+08:00 ] 192.168.8.231 /aaaxcx/index.php/home/Login/login
INFO: [ app_init ] --START--
INFO: Run Behavior\BuildLiteBehavior [ RunTime:0.000000s ]
INFO: [ app_init ] --END-- [ RunTime:0.000000s ]
INFO: [ app_begin ] --START--
INFO: Run Behavior\ReadHtmlCacheBehavior [ RunTime:0.000976s ]
INFO: [ app_begin ] --END-- [ RunTime:0.000976s ]
NOTIC: [8] Undefined index: db_port D:\WWW\aaaxcx\ThinkPHP\Library\Think\Db.class.php Á¨¨ 127 Ë°å.
NOTIC: [8] Undefined index: db_dsn D:\WWW\aaaxcx\ThinkPHP\Library\Think\Db.class.php Á¨¨ 129 Ë°å.
NOTIC: [8] Undefined index: db_params D:\WWW\aaaxcx\ThinkPHP\Library\Think\Db.class.php Á¨¨ 130 Ë°å.
SQL: select * from user where dh='001'  [ RunTime:0.000977s ]
SQL: select * from daygda where  qxkh='007' [ RunTime:0.000977s ]

[ 2019-11-09T09:55:18+08:00 ] 192.168.8.231 /aaaxcx/index.php/home/Gpsm/ygclcx
INFO: [ app_init ] --START--
INFO: Run Behavior\BuildLiteBehavior [ RunTime:0.000000s ]
INFO: [ app_init ] --END-- [ RunTime:0.000000s ]
INFO: [ app_begin ] --START--
INFO: Run Behavior\ReadHtmlCacheBehavior [ RunTime:0.000977s ]
INFO: [ app_begin ] --END-- [ RunTime:0.000977s ]
SQL: select count(jhrq)as jhcs,isnull(ceiling(sum(jhsl)),0) as zjhsl,isnull(convert(nvarchar(30),convert(decimal(18,2),sum(je))),0) as zje from cmp
          where ygmc='' and yggh='' and jhrq between convert(varchar(100),GETDATE(),23)+' 00:00:00' 
          and convert(varchar(100),getdate(),23)+' 23:59:59' [ RunTime:0.000976s ]

[ 2019-11-09T09:55:20+08:00 ] 192.168.8.231 /aaaxcx/index.php/home/Gpsm/gpsmcx
INFO: [ app_init ] --START--
INFO: Run Behavior\BuildLiteBehavior [ RunTime:0.000976s ]
INFO: [ app_init ] --END-- [ RunTime:0.001953s ]
INFO: [ app_begin ] --START--
INFO: Run Behavior\ReadHtmlCacheBehavior [ RunTime:0.000977s ]
INFO: [ app_begin ] --END-- [ RunTime:0.000977s ]
SQL: select top 1 fzm from scjhdj where jhrq='' and yydh_wfxs='' and tmbh='1911080021' [ RunTime:0.001954s ]
SQL: select top 1 skrlx from xtsz [ RunTime:0.000977s ]
SQL: select top 1 gpm,a.kh,qhqr,a.bz,a.gxmc,kh,dj,sl,ms,ysmc from scjhdj a,(select b.gxmc,c.ygmc,c.yggh from dagxda b,dagx_ygfp c 
                  where b.xh=c.xh and c.yggh='') as bb where a.gxmc=bb.gxmc and jhrq='' and bz='' and yydh_wfxs=''
                    and tmbh='1911080021' order by px
        [ RunTime:0.000977s ]
NOTIC: [8] Undefined offset: 0 D:\WWW\aaaxcx\Application\Home\Controller\GpsmController.class.php Á¨¨ 53 Ë°å.
SQL: select top 1 gxmc from scjhdj where jhrq='' and bz='' and jhqr=1 and yydh_wflx='' 
           and tmbh='1911080021' order  by px [ RunTime:0.000977s ]
ERR: 207:[Microsoft][SQL Server Native Client 10.0][SQL Server]¡–√˚ 'jhqr' Œﬁ–ß°£207:[Microsoft][SQL Server Native Client 10.0][SQL Server]¡–√˚ 'yydh_wflx' Œﬁ–ß°£16945:[Microsoft][SQL Server Native Client 10.0][SQL Server]∏√”Œ±ÍŒ¥…˘√˜°£
 [ SQLËØ≠Âè• ] : select top 1 gxmc from scjhdj where jhrq='' and bz='' and jhqr=1 and yydh_wflx='' 
           and tmbh='1911080021' order  by px
SQL: select isnull(gxsl,0) as gxsl from scjhdj where gpm='' and tmbh='1911080021' [ RunTime:0.000976s ]
NOTIC: [8] Undefined offset: 0 D:\WWW\aaaxcx\Application\Home\Controller\GpsmController.class.php Á¨¨ 87 Ë°å.
SQL: select top 1 isnull(jhsl,0) as sl from scjhdj where jhrq<>'' and bz='' and yydh_wfxs and ch 
            in (select top 1 ch from scjhdj where jhrq='' and gpm='') order by px desc  [ RunTime:0.000977s ]
ERR: 4145:[Microsoft][SQL Server Native Client 10.0][SQL Server]‘⁄”¶ π”√Ãıº˛µƒ…œœ¬Œƒ(‘⁄ 'and' ∏ΩΩ¸)÷–÷∏∂®¡À∑«≤º∂˚¿‡–Õµƒ±Ì¥Ô Ω°£16954:[Microsoft][SQL Server Native Client 10.0][SQL Server]’˝‘⁄÷±Ω”÷¥–– SQL£ªŒﬁ”Œ±Í°£
 [ SQLËØ≠Âè• ] : select top 1 isnull(jhsl,0) as sl from scjhdj where jhrq<>'' and bz='' and yydh_wfxs and ch 
            in (select top 1 ch from scjhdj where jhrq='' and gpm='') order by px desc 
SQL: select isnull(sl,0) as sl from scjhdj where gpm='' [ RunTime:0.000000s ]
NOTIC: [8] Undefined offset: 0 D:\WWW\aaaxcx\Application\Home\Controller\GpsmController.class.php Á¨¨ 101 Ë°å.
SQL: update scjhdj set jhsl='',je=''*dj,ygmc='',yggh='',jhrq=convert(varchar(22),GETDATE(),120) where gpm='' [ RunTime:0.000976s ]
ERR: 8114:[Microsoft][SQL Server Native Client 10.0][SQL Server]¥” ˝æ›¿‡–Õ varchar ◊™ªªŒ™ numeric  ±≥ˆ¥Ì°£
 [ SQLËØ≠Âè• ] : update scjhdj set jhsl='',je=''*dj,ygmc='',yggh='',jhrq=convert(varchar(22),GETDATE(),120) where gpm=''
INFO: [ app_end ] --START--
INFO: Run Behavior\ShowPageTraceBehavior [ RunTime:0.001953s ]
INFO: [ app_end ] --END-- [ RunTime:0.001953s ]

[ 2019-11-09T09:55:35+08:00 ] 192.168.8.231 /aaaxcx/index.php/home/Login/login
INFO: [ app_init ] --START--
INFO: Run Behavior\BuildLiteBehavior [ RunTime:0.000000s ]
INFO: [ app_init ] --END-- [ RunTime:0.000976s ]
INFO: [ app_begin ] --START--
INFO: Run Behavior\ReadHtmlCacheBehavior [ RunTime:0.000977s ]
INFO: [ app_begin ] --END-- [ RunTime:0.000977s ]
NOTIC: [8] Undefined index: db_port D:\WWW\aaaxcx\ThinkPHP\Library\Think\Db.class.php Á¨¨ 127 Ë°å.
NOTIC: [8] Undefined index: db_dsn D:\WWW\aaaxcx\ThinkPHP\Library\Think\Db.class.php Á¨¨ 129 Ë°å.
NOTIC: [8] Undefined index: db_params D:\WWW\aaaxcx\ThinkPHP\Library\Think\Db.class.php Á¨¨ 130 Ë°å.
SQL: select * from user where dh='001'  [ RunTime:0.000000s ]
SQL: select * from daygda where  qxkh='007' [ RunTime:0.000976s ]

[ 2019-11-09T09:55:38+08:00 ] 192.168.8.231 /aaaxcx/index.php/home/Gpsm/ygclcx
INFO: [ app_init ] --START--
INFO: Run Behavior\BuildLiteBehavior [ RunTime:0.000000s ]
INFO: [ app_init ] --END-- [ RunTime:0.000000s ]
INFO: [ app_begin ] --START--
INFO: Run Behavior\ReadHtmlCacheBehavior [ RunTime:0.000977s ]
INFO: [ app_begin ] --END-- [ RunTime:0.001953s ]
SQL: select count(jhrq)as jhcs,isnull(ceiling(sum(jhsl)),0) as zjhsl,isnull(convert(nvarchar(30),convert(decimal(18,2),sum(je))),0) as zje from cmp
          where ygmc='' and yggh='' and jhrq between convert(varchar(100),GETDATE(),23)+' 00:00:00' 
          and convert(varchar(100),getdate(),23)+' 23:59:59' [ RunTime:0.000977s ]

[ 2019-11-09T09:56:22+08:00 ] 192.168.8.231 /aaaxcx/index.php/home/Login/login
INFO: [ app_init ] --START--
INFO: Run Behavior\BuildLiteBehavior [ RunTime:0.000000s ]
INFO: [ app_init ] --END-- [ RunTime:0.000976s ]
INFO: [ app_begin ] --START--
INFO: Run Behavior\ReadHtmlCacheBehavior [ RunTime:0.000977s ]
INFO: [ app_begin ] --END-- [ RunTime:0.000977s ]
NOTIC: [8] Undefined index: db_port D:\WWW\aaaxcx\ThinkPHP\Library\Think\Db.class.php Á¨¨ 127 Ë°å.
NOTIC: [8] Undefined index: db_dsn D:\WWW\aaaxcx\ThinkPHP\Library\Think\Db.class.php Á¨¨ 129 Ë°å.
NOTIC: [8] Undefined index: db_params D:\WWW\aaaxcx\ThinkPHP\Library\Think\Db.class.php Á¨¨ 130 Ë°å.
SQL: select * from user where dh='001'  [ RunTime:0.000976s ]
SQL: select * from daygda where  qxkh='800001' [ RunTime:0.000977s ]

[ 2019-11-09T09:56:26+08:00 ] 192.168.8.231 /aaaxcx/index.php/home/Gpsm/ygclcx
INFO: [ app_init ] --START--
INFO: Run Behavior\BuildLiteBehavior [ RunTime:0.000000s ]
INFO: [ app_init ] --END-- [ RunTime:0.000976s ]
INFO: [ app_begin ] --START--
INFO: Run Behavior\ReadHtmlCacheBehavior [ RunTime:0.000976s ]
INFO: [ app_begin ] --END-- [ RunTime:0.000976s ]
SQL: select count(jhrq)as jhcs,isnull(ceiling(sum(jhsl)),0) as zjhsl,isnull(convert(nvarchar(30),convert(decimal(18,2),sum(je))),0) as zje from cmp
          where ygmc='Â∞èÈ£ì' and yggh='90001' and jhrq between convert(varchar(100),GETDATE(),23)+' 00:00:00' 
          and convert(varchar(100),getdate(),23)+' 23:59:59' [ RunTime:0.000977s ]

[ 2019-11-09T09:56:40+08:00 ] 192.168.8.231 /aaaxcx/index.php/home/Gpsm/gpsmcx
INFO: [ app_init ] --START--
INFO: Run Behavior\BuildLiteBehavior [ RunTime:0.000000s ]
INFO: [ app_init ] --END-- [ RunTime:0.000977s ]
INFO: [ app_begin ] --START--
INFO: Run Behavior\ReadHtmlCacheBehavior [ RunTime:0.000000s ]
INFO: [ app_begin ] --END-- [ RunTime:0.000000s ]
SQL: select top 1 fzm from scjhdj where jhrq='' and yydh_wfxs='' and tmbh='1911080021' [ RunTime:0.001953s ]
SQL: select top 1 skrlx from xtsz [ RunTime:0.000000s ]
SQL: select top 1 gpm,a.kh,qhqr,a.bz,a.gxmc,kh,dj,sl,ms,ysmc from scjhdj a,(select b.gxmc,c.ygmc,c.yggh from dagxda b,dagx_ygfp c 
                  where b.xh=c.xh and c.yggh='90001') as bb where a.gxmc=bb.gxmc and jhrq='' and bz='' and yydh_wfxs=''
                    and tmbh='1911080021' order by px
        [ RunTime:0.010742s ]
SQL: select top 1 gpm,gxmc from scjhdj where jhrq='' and bz='' and jhqr=1 and yydh_wfxs='' and 
                 tmbh='1911080021' and px<(select px from scjhdj where jhrq='' and gpm='19110800000041') order by px desc [ RunTime:0.001953s ]
ERR: 207:[Microsoft][SQL Server Native Client 10.0][SQL Server]¡–√˚ 'jhqr' Œﬁ–ß°£16945:[Microsoft][SQL Server Native Client 10.0][SQL Server]∏√”Œ±ÍŒ¥…˘√˜°£
 [ SQLËØ≠Âè• ] : select top 1 gpm,gxmc from scjhdj where jhrq='' and bz='' and jhqr=1 and yydh_wfxs='' and 
                 tmbh='1911080021' and px<(select px from scjhdj where jhrq='' and gpm='19110800000041') order by px desc
SQL: select isnull(gxsl,0) as gxsl from scjhdj where gpm='19110800000041' and tmbh='1911080021' [ RunTime:0.003906s ]
SQL: select top 1 isnull(jhsl,0) as sl from scjhdj where jhrq<>'' and bz='' and yydh_wfxs and ch 
            in (select top 1 ch from scjhdj where jhrq='' and gpm='19110800000041') order by px desc  [ RunTime:0.000977s ]
ERR: 4145:[Microsoft][SQL Server Native Client 10.0][SQL Server]‘⁄”¶ π”√Ãıº˛µƒ…œœ¬Œƒ(‘⁄ 'and' ∏ΩΩ¸)÷–÷∏∂®¡À∑«≤º∂˚¿‡–Õµƒ±Ì¥Ô Ω°£16954:[Microsoft][SQL Server Native Client 10.0][SQL Server]’˝‘⁄÷±Ω”÷¥–– SQL£ªŒﬁ”Œ±Í°£
 [ SQLËØ≠Âè• ] : select top 1 isnull(jhsl,0) as sl from scjhdj where jhrq<>'' and bz='' and yydh_wfxs and ch 
            in (select top 1 ch from scjhdj where jhrq='' and gpm='19110800000041') order by px desc 
SQL: select isnull(sl,0) as sl from scjhdj where gpm='19110800000041' [ RunTime:0.004883s ]
SQL: update scjhdj set jhsl='320.0000',je='320.0000'*dj,ygmc='Â∞èÈ£ì',yggh='90001',jhrq=convert(varchar(22),GETDATE(),120) where gpm='19110800000041' [ RunTime:0.006836s ]

[ 2019-11-09T09:58:47+08:00 ] 192.168.8.231 /aaaxcx/index.php/home/Login/login
INFO: [ app_init ] --START--
INFO: Run Behavior\BuildLiteBehavior [ RunTime:0.000000s ]
INFO: [ app_init ] --END-- [ RunTime:0.000976s ]
INFO: [ app_begin ] --START--
INFO: Run Behavior\ReadHtmlCacheBehavior [ RunTime:0.000977s ]
INFO: [ app_begin ] --END-- [ RunTime:0.001953s ]
NOTIC: [8] Undefined index: db_port D:\WWW\aaaxcx\ThinkPHP\Library\Think\Db.class.php Á¨¨ 127 Ë°å.
NOTIC: [8] Undefined index: db_dsn D:\WWW\aaaxcx\ThinkPHP\Library\Think\Db.class.php Á¨¨ 129 Ë°å.
NOTIC: [8] Undefined index: db_params D:\WWW\aaaxcx\ThinkPHP\Library\Think\Db.class.php Á¨¨ 130 Ë°å.
SQL: select * from user where dh='001'  [ RunTime:0.000976s ]
SQL: select * from daygda where  qxkh='007' [ RunTime:0.000976s ]

[ 2019-11-09T09:58:49+08:00 ] 192.168.8.231 /aaaxcx/index.php/home/Gpsm/ygclcx
INFO: [ app_init ] --START--
INFO: Run Behavior\BuildLiteBehavior [ RunTime:0.000000s ]
INFO: [ app_init ] --END-- [ RunTime:0.000000s ]
INFO: [ app_begin ] --START--
INFO: Run Behavior\ReadHtmlCacheBehavior [ RunTime:0.000977s ]
INFO: [ app_begin ] --END-- [ RunTime:0.000977s ]
SQL: select count(jhrq)as jhcs,isnull(ceiling(sum(jhsl)),0) as zjhsl,isnull(convert(nvarchar(30),convert(decimal(18,2),sum(je))),0) as zje from cmp
          where ygmc='Âº†‰ºüÂ§ß' and yggh='90005' and jhrq between convert(varchar(100),GETDATE(),23)+' 00:00:00' 
          and convert(varchar(100),getdate(),23)+' 23:59:59' [ RunTime:0.009766s ]

[ 2019-11-09T09:59:00+08:00 ] 192.168.8.231 /aaaxcx/index.php/home/Gpsm/gpsmcx
INFO: [ app_init ] --START--
INFO: Run Behavior\BuildLiteBehavior [ RunTime:0.000000s ]
INFO: [ app_init ] --END-- [ RunTime:0.000000s ]
INFO: [ app_begin ] --START--
INFO: Run Behavior\ReadHtmlCacheBehavior [ RunTime:0.000976s ]
INFO: [ app_begin ] --END-- [ RunTime:0.000976s ]
SQL: select top 1 fzm from scjhdj where jhrq='' and yydh_wfxs='' and tmbh='1911080021' [ RunTime:0.001953s ]
SQL: select top 1 skrlx from xtsz [ RunTime:0.000000s ]
SQL: select top 1 gpm,a.kh,qhqr,a.bz,a.gxmc,kh,dj,sl,ms,ysmc from scjhdj a,(select b.gxmc,c.ygmc,c.yggh from dagxda b,dagx_ygfp c 
                  where b.xh=c.xh and c.yggh='90005') as bb where a.gxmc=bb.gxmc and jhrq='' and bz='' and yydh_wfxs=''
                    and tmbh='1911080021' order by px
        [ RunTime:0.012696s ]
NOTIC: [8] Undefined offset: 0 D:\WWW\aaaxcx\Application\Home\Controller\GpsmController.class.php Á¨¨ 53 Ë°å.
SQL: select top 1 gxmc from scjhdj where jhrq='' and bz='' and jhqr=1 and yydh_wflx='' 
           and tmbh='1911080021' order  by px [ RunTime:0.001953s ]
ERR: 207:[Microsoft][SQL Server Native Client 10.0][SQL Server]¡–√˚ 'jhqr' Œﬁ–ß°£207:[Microsoft][SQL Server Native Client 10.0][SQL Server]¡–√˚ 'yydh_wflx' Œﬁ–ß°£16945:[Microsoft][SQL Server Native Client 10.0][SQL Server]∏√”Œ±ÍŒ¥…˘√˜°£
 [ SQLËØ≠Âè• ] : select top 1 gxmc from scjhdj where jhrq='' and bz='' and jhqr=1 and yydh_wflx='' 
           and tmbh='1911080021' order  by px
SQL: select isnull(gxsl,0) as gxsl from scjhdj where gpm='' and tmbh='1911080021' [ RunTime:0.000977s ]
NOTIC: [8] Undefined offset: 0 D:\WWW\aaaxcx\Application\Home\Controller\GpsmController.class.php Á¨¨ 87 Ë°å.
SQL: select top 1 isnull(jhsl,0) as sl from scjhdj where jhrq<>'' and bz='' and yydh_wfxs and ch 
            in (select top 1 ch from scjhdj where jhrq='' and gpm='') order by px desc  [ RunTime:0.000976s ]
ERR: 4145:[Microsoft][SQL Server Native Client 10.0][SQL Server]‘⁄”¶ π”√Ãıº˛µƒ…œœ¬Œƒ(‘⁄ 'and' ∏ΩΩ¸)÷–÷∏∂®¡À∑«≤º∂˚¿‡–Õµƒ±Ì¥Ô Ω°£16954:[Microsoft][SQL Server Native Client 10.0][SQL Server]’˝‘⁄÷±Ω”÷¥–– SQL£ªŒﬁ”Œ±Í°£
 [ SQLËØ≠Âè• ] : select top 1 isnull(jhsl,0) as sl from scjhdj where jhrq<>'' and bz='' and yydh_wfxs and ch 
            in (select top 1 ch from scjhdj where jhrq='' and gpm='') order by px desc 
SQL: select isnull(sl,0) as sl from scjhdj where gpm='' [ RunTime:0.000977s ]
NOTIC: [8] Undefined offset: 0 D:\WWW\aaaxcx\Application\Home\Controller\GpsmController.class.php Á¨¨ 101 Ë°å.
SQL: update scjhdj set jhsl='',je=''*dj,ygmc='Âº†‰ºüÂ§ß',yggh='90005',jhrq=convert(varchar(22),GETDATE(),120) where gpm='' [ RunTime:0.006836s ]
ERR: 8114:[Microsoft][SQL Server Native Client 10.0][SQL Server]¥” ˝æ›¿‡–Õ varchar ◊™ªªŒ™ numeric  ±≥ˆ¥Ì°£
 [ SQLËØ≠Âè• ] : update scjhdj set jhsl='',je=''*dj,ygmc='Âº†‰ºüÂ§ß',yggh='90005',jhrq=convert(varchar(22),GETDATE(),120) where gpm=''
INFO: [ app_end ] --START--
INFO: Run Behavior\ShowPageTraceBehavior [ RunTime:0.001954s ]
INFO: [ app_end ] --END-- [ RunTime:0.001954s ]

[ 2019-11-09T09:59:08+08:00 ] 192.168.8.231 /aaaxcx/index.php/home/Gpsm/gpsmcx
INFO: [ app_init ] --START--
INFO: Run Behavior\BuildLiteBehavior [ RunTime:0.000000s ]
INFO: [ app_init ] --END-- [ RunTime:0.001953s ]
INFO: [ app_begin ] --START--
INFO: Run Behavior\ReadHtmlCacheBehavior [ RunTime:0.001953s ]
INFO: [ app_begin ] --END-- [ RunTime:0.001953s ]
SQL: select top 1 fzm from scjhdj where jhrq='' and yydh_wfxs='' and tmbh='1911080028' [ RunTime:0.001954s ]
SQL: select top 1 skrlx from xtsz [ RunTime:0.000977s ]
SQL: select top 1 gpm,a.kh,qhqr,a.bz,a.gxmc,kh,dj,sl,ms,ysmc from scjhdj a,(select b.gxmc,c.ygmc,c.yggh from dagxda b,dagx_ygfp c 
                  where b.xh=c.xh and c.yggh='90005') as bb where a.gxmc=bb.gxmc and jhrq='' and bz='' and yydh_wfxs=''
                    and tmbh='1911080028' order by px
        [ RunTime:0.011719s ]
NOTIC: [8] Undefined offset: 0 D:\WWW\aaaxcx\Application\Home\Controller\GpsmController.class.php Á¨¨ 53 Ë°å.
SQL: select top 1 gxmc from scjhdj where jhrq='' and bz='' and jhqr=1 and yydh_wflx='' 
           and tmbh='1911080028' order  by px [ RunTime:0.000977s ]
ERR: 207:[Microsoft][SQL Server Native Client 10.0][SQL Server]¡–√˚ 'jhqr' Œﬁ–ß°£207:[Microsoft][SQL Server Native Client 10.0][SQL Server]¡–√˚ 'yydh_wflx' Œﬁ–ß°£16945:[Microsoft][SQL Server Native Client 10.0][SQL Server]∏√”Œ±ÍŒ¥…˘√˜°£
 [ SQLËØ≠Âè• ] : select top 1 gxmc from scjhdj where jhrq='' and bz='' and jhqr=1 and yydh_wflx='' 
           and tmbh='1911080028' order  by px
SQL: select isnull(gxsl,0) as gxsl from scjhdj where gpm='' and tmbh='1911080028' [ RunTime:0.000976s ]
NOTIC: [8] Undefined offset: 0 D:\WWW\aaaxcx\Application\Home\Controller\GpsmController.class.php Á¨¨ 87 Ë°å.
SQL: select top 1 isnull(jhsl,0) as sl from scjhdj where jhrq<>'' and bz='' and yydh_wfxs and ch 
            in (select top 1 ch from scjhdj where jhrq='' and gpm='') order by px desc  [ RunTime:0.000976s ]
ERR: 4145:[Microsoft][SQL Server Native Client 10.0][SQL Server]‘⁄”¶ π”√Ãıº˛µƒ…œœ¬Œƒ(‘⁄ 'and' ∏ΩΩ¸)÷–÷∏∂®¡À∑«≤º∂˚¿‡–Õµƒ±Ì¥Ô Ω°£16954:[Microsoft][SQL Server Native Client 10.0][SQL Server]’˝‘⁄÷±Ω”÷¥–– SQL£ªŒﬁ”Œ±Í°£
 [ SQLËØ≠Âè• ] : select top 1 isnull(jhsl,0) as sl from scjhdj where jhrq<>'' and bz='' and yydh_wfxs and ch 
            in (select top 1 ch from scjhdj where jhrq='' and gpm='') order by px desc 
SQL: select isnull(sl,0) as sl from scjhdj where gpm='' [ RunTime:0.000000s ]
NOTIC: [8] Undefined offset: 0 D:\WWW\aaaxcx\Application\Home\Controller\GpsmController.class.php Á¨¨ 101 Ë°å.
SQL: update scjhdj set jhsl='',je=''*dj,ygmc='Âº†‰ºüÂ§ß',yggh='90005',jhrq=convert(varchar(22),GETDATE(),120) where gpm='' [ RunTime:0.000976s ]
ERR: 8114:[Microsoft][SQL Server Native Client 10.0][SQL Server]¥” ˝æ›¿‡–Õ varchar ◊™ªªŒ™ numeric  ±≥ˆ¥Ì°£
 [ SQLËØ≠Âè• ] : update scjhdj set jhsl='',je=''*dj,ygmc='Âº†‰ºüÂ§ß',yggh='90005',jhrq=convert(varchar(22),GETDATE(),120) where gpm=''
INFO: [ app_end ] --START--
INFO: Run Behavior\ShowPageTraceBehavior [ RunTime:0.001954s ]
INFO: [ app_end ] --END-- [ RunTime:0.001954s ]

[ 2019-11-09T10:00:01+08:00 ] 192.168.8.231 /aaaxcx/index.php/home/Gpsm/gpsmcx
INFO: [ app_init ] --START--
INFO: Run Behavior\BuildLiteBehavior [ RunTime:0.000000s ]
INFO: [ app_init ] --END-- [ RunTime:0.000000s ]
INFO: [ app_begin ] --START--
INFO: Run Behavior\ReadHtmlCacheBehavior [ RunTime:0.000976s ]
INFO: [ app_begin ] --END-- [ RunTime:0.000976s ]
SQL: select top 1 fzm from scjhdj where jhrq='' and yydh_wfxs='' and tmbh='1911080028' [ RunTime:0.001953s ]
SQL: select top 1 skrlx from xtsz [ RunTime:0.000977s ]
SQL: select top 1 gpm,a.kh,qhqr,a.bz,a.gxmc,kh,dj,sl,ms,ysmc from scjhdj a,(select b.gxmc,c.ygmc,c.yggh from dagxda b,dagx_ygfp c 
                  where b.xh=c.xh and c.yggh='90005') as bb where a.gxmc=bb.gxmc and jhrq='' and bz='' and yydh_wfxs=''
                    and tmbh='1911080028' order by px
        [ RunTime:0.000976s ]
NOTIC: [8] Undefined offset: 0 D:\WWW\aaaxcx\Application\Home\Controller\GpsmController.class.php Á¨¨ 53 Ë°å.
SQL: select top 1 gxmc from scjhdj where jhrq='' and bz='' and jhqr=1 and yydh_wflx='' 
           and tmbh='1911080028' order  by px [ RunTime:0.000976s ]
ERR: 207:[Microsoft][SQL Server Native Client 10.0][SQL Server]¡–√˚ 'jhqr' Œﬁ–ß°£207:[Microsoft][SQL Server Native Client 10.0][SQL Server]¡–√˚ 'yydh_wflx' Œﬁ–ß°£16945:[Microsoft][SQL Server Native Client 10.0][SQL Server]∏√”Œ±ÍŒ¥…˘√˜°£
 [ SQLËØ≠Âè• ] : select top 1 gxmc from scjhdj where jhrq='' and bz='' and jhqr=1 and yydh_wflx='' 
           and tmbh='1911080028' order  by px
SQL: select isnull(gxsl,0) as gxsl from scjhdj where gpm='' and tmbh='1911080028' [ RunTime:0.000000s ]
NOTIC: [8] Undefined offset: 0 D:\WWW\aaaxcx\Application\Home\Controller\GpsmController.class.php Á¨¨ 87 Ë°å.
SQL: select top 1 isnull(jhsl,0) as sl from scjhdj where jhrq<>'' and bz='' and yydh_wfxs and ch 
            in (select top 1 ch from scjhdj where jhrq='' and gpm='') order by px desc  [ RunTime:0.000976s ]
ERR: 4145:[Microsoft][SQL Server Native Client 10.0][SQL Server]‘⁄”¶ π”√Ãıº˛µƒ…œœ¬Œƒ(‘⁄ 'and' ∏ΩΩ¸)÷–÷∏∂®¡À∑«≤º∂˚¿‡–Õµƒ±Ì¥Ô Ω°£16954:[Microsoft][SQL Server Native Client 10.0][SQL Server]’˝‘⁄÷±Ω”÷¥–– SQL£ªŒﬁ”Œ±Í°£
 [ SQLËØ≠Âè• ] : select top 1 isnull(jhsl,0) as sl from scjhdj where jhrq<>'' and bz='' and yydh_wfxs and ch 
            in (select top 1 ch from scjhdj where jhrq='' and gpm='') order by px desc 
SQL: select isnull(sl,0) as sl from scjhdj where gpm='' [ RunTime:0.000977s ]
NOTIC: [8] Undefined offset: 0 D:\WWW\aaaxcx\Application\Home\Controller\GpsmController.class.php Á¨¨ 101 Ë°å.
SQL: update scjhdj set jhsl='',je=''*dj,ygmc='Âº†‰ºüÂ§ß',yggh='90005',jhrq=convert(varchar(22),GETDATE(),120) where gpm='' [ RunTime:0.000977s ]
ERR: 8114:[Microsoft][SQL Server Native Client 10.0][SQL Server]¥” ˝æ›¿‡–Õ varchar ◊™ªªŒ™ numeric  ±≥ˆ¥Ì°£
 [ SQLËØ≠Âè• ] : update scjhdj set jhsl='',je=''*dj,ygmc='Âº†‰ºüÂ§ß',yggh='90005',jhrq=convert(varchar(22),GETDATE(),120) where gpm=''
INFO: [ app_end ] --START--
INFO: Run Behavior\ShowPageTraceBehavior [ RunTime:0.001953s ]
INFO: [ app_end ] --END-- [ RunTime:0.001953s ]

[ 2019-11-09T10:01:08+08:00 ] 192.168.8.231 /aaaxcx/index.php/home/Gpsm/gpsmcx
INFO: [ app_init ] --START--
INFO: Run Behavior\BuildLiteBehavior [ RunTime:0.000000s ]
INFO: [ app_init ] --END-- [ RunTime:0.000976s ]
INFO: [ app_begin ] --START--
INFO: Run Behavior\ReadHtmlCacheBehavior [ RunTime:0.000976s ]
INFO: [ app_begin ] --END-- [ RunTime:0.000976s ]
SQL: select top 1 fzm from scjhdj where jhrq='' and yydh_wfxs='' and tmbh='1911080028' [ RunTime:0.001954s ]
SQL: select top 1 skrlx from xtsz [ RunTime:0.000977s ]
SQL: select top 1 gpm,a.kh,qhqr,a.bz,a.gxmc,kh,dj,sl,ms,ysmc from scjhdj a,(select b.gxmc,c.ygmc,c.yggh from dagxda b,dagx_ygfp c 
                  where b.xh=c.xh and c.yggh='90005') as bb where a.gxmc=bb.gxmc and jhrq='' and bz='' and yydh_wfxs=''
                    and tmbh='1911080028' order by px
        [ RunTime:0.000976s ]
NOTIC: [8] Undefined offset: 0 D:\WWW\aaaxcx\Application\Home\Controller\GpsmController.class.php Á¨¨ 53 Ë°å.
SQL: select top 1 gxmc from scjhdj where jhrq='' and bz='' and jhqr=1 and yydh_wflx='' 
           and tmbh='1911080028' order  by px [ RunTime:0.000977s ]
ERR: 207:[Microsoft][SQL Server Native Client 10.0][SQL Server]¡–√˚ 'jhqr' Œﬁ–ß°£207:[Microsoft][SQL Server Native Client 10.0][SQL Server]¡–√˚ 'yydh_wflx' Œﬁ–ß°£16945:[Microsoft][SQL Server Native Client 10.0][SQL Server]∏√”Œ±ÍŒ¥…˘√˜°£
 [ SQLËØ≠Âè• ] : select top 1 gxmc from scjhdj where jhrq='' and bz='' and jhqr=1 and yydh_wflx='' 
           and tmbh='1911080028' order  by px
SQL: select isnull(gxsl,0) as gxsl from scjhdj where gpm='' and tmbh='1911080028' [ RunTime:0.000976s ]
NOTIC: [8] Undefined offset: 0 D:\WWW\aaaxcx\Application\Home\Controller\GpsmController.class.php Á¨¨ 88 Ë°å.
SQL: select top 1 isnull(jhsl,0) as sl from scjhdj where jhrq<>'' and bz='' and yydh_wfxs and ch 
            in (select top 1 ch from scjhdj where jhrq='' and gpm='') order by px desc  [ RunTime:0.000976s ]
ERR: 4145:[Microsoft][SQL Server Native Client 10.0][SQL Server]‘⁄”¶ π”√Ãıº˛µƒ…œœ¬Œƒ(‘⁄ 'and' ∏ΩΩ¸)÷–÷∏∂®¡À∑«≤º∂˚¿‡–Õµƒ±Ì¥Ô Ω°£16954:[Microsoft][SQL Server Native Client 10.0][SQL Server]’˝‘⁄÷±Ω”÷¥–– SQL£ªŒﬁ”Œ±Í°£
 [ SQLËØ≠Âè• ] : select top 1 isnull(jhsl,0) as sl from scjhdj where jhrq<>'' and bz='' and yydh_wfxs and ch 
            in (select top 1 ch from scjhdj where jhrq='' and gpm='') order by px desc 
SQL: select isnull(sl,0) as sl from scjhdj where gpm='' [ RunTime:0.000977s ]
NOTIC: [8] Undefined offset: 0 D:\WWW\aaaxcx\Application\Home\Controller\GpsmController.class.php Á¨¨ 102 Ë°å.
SQL: update scjhdj set jhsl='',je=''*dj,ygmc='Âº†‰ºüÂ§ß',yggh='90005',jhrq=convert(varchar(22),GETDATE(),120) where gpm='' [ RunTime:0.000000s ]
ERR: 8114:[Microsoft][SQL Server Native Client 10.0][SQL Server]¥” ˝æ›¿‡–Õ varchar ◊™ªªŒ™ numeric  ±≥ˆ¥Ì°£
 [ SQLËØ≠Âè• ] : update scjhdj set jhsl='',je=''*dj,ygmc='Âº†‰ºüÂ§ß',yggh='90005',jhrq=convert(varchar(22),GETDATE(),120) where gpm=''
INFO: [ app_end ] --START--
INFO: Run Behavior\ShowPageTraceBehavior [ RunTime:0.000977s ]
INFO: [ app_end ] --END-- [ RunTime:0.000977s ]

[ 2019-11-09T10:03:06+08:00 ] 192.168.8.231 /aaaxcx/index.php/home/Gpsm/gpsmcx
INFO: [ app_init ] --START--
INFO: Run Behavior\BuildLiteBehavior [ RunTime:0.000000s ]
INFO: [ app_init ] --END-- [ RunTime:0.000977s ]
INFO: [ app_begin ] --START--
INFO: Run Behavior\ReadHtmlCacheBehavior [ RunTime:0.000977s ]
INFO: [ app_begin ] --END-- [ RunTime:0.000977s ]
SQL: select top 1 fzm from scjhdj where jhrq='' and yydh_wfxs='' and tmbh='1911080028' [ RunTime:0.001953s ]
SQL: select top 1 skrlx from xtsz [ RunTime:0.001953s ]
SQL: select top 1 gpm,a.kh,qhqr,a.bz,a.gxmc,kh,dj,sl,ms,ysmc from scjhdj a,(select b.gxmc,c.ygmc,c.yggh from dagxda b,dagx_ygfp c 
                  where b.xh=c.xh and c.yggh='90005') as bb where a.gxmc=bb.gxmc and jhrq='' and bz='' and yydh_wfxs=''
                    and tmbh='1911080028' order by px
        [ RunTime:0.001953s ]
NOTIC: [8] Undefined offset: 0 D:\WWW\aaaxcx\Application\Home\Controller\GpsmController.class.php Á¨¨ 53 Ë°å.
SQL: select top 1 gxmc from scjhdj where jhrq='' and bz=''  and yydh_wfxs='' 
           and tmbh='1911080028' order  by px [ RunTime:0.008789s ]

[ 2019-11-09T10:03:09+08:00 ] 192.168.8.231 /aaaxcx/index.php/home/Gpsm/gpsmcx
INFO: [ app_init ] --START--
INFO: Run Behavior\BuildLiteBehavior [ RunTime:0.000000s ]
INFO: [ app_init ] --END-- [ RunTime:0.000976s ]
INFO: [ app_begin ] --START--
INFO: Run Behavior\ReadHtmlCacheBehavior [ RunTime:0.000976s ]
INFO: [ app_begin ] --END-- [ RunTime:0.000976s ]
SQL: select top 1 fzm from scjhdj where jhrq='' and yydh_wfxs='' and tmbh='1911080028' [ RunTime:0.000977s ]
SQL: select top 1 skrlx from xtsz [ RunTime:0.000000s ]
SQL: select top 1 gpm,a.kh,qhqr,a.bz,a.gxmc,kh,dj,sl,ms,ysmc from scjhdj a,(select b.gxmc,c.ygmc,c.yggh from dagxda b,dagx_ygfp c 
                  where b.xh=c.xh and c.yggh='90005') as bb where a.gxmc=bb.gxmc and jhrq='' and bz='' and yydh_wfxs=''
                    and tmbh='1911080028' order by px
        [ RunTime:0.000976s ]
NOTIC: [8] Undefined offset: 0 D:\WWW\aaaxcx\Application\Home\Controller\GpsmController.class.php Á¨¨ 53 Ë°å.
SQL: select top 1 gxmc from scjhdj where jhrq='' and bz=''  and yydh_wfxs='' 
           and tmbh='1911080028' order  by px [ RunTime:0.000976s ]

[ 2019-11-09T10:07:05+08:00 ] 192.168.8.231 /aaaxcx/index.php/home/Login/login
INFO: [ app_init ] --START--
INFO: Run Behavior\BuildLiteBehavior [ RunTime:0.000000s ]
INFO: [ app_init ] --END-- [ RunTime:0.000976s ]
INFO: [ app_begin ] --START--
INFO: Run Behavior\ReadHtmlCacheBehavior [ RunTime:0.000976s ]
INFO: [ app_begin ] --END-- [ RunTime:0.000976s ]
NOTIC: [8] Undefined index: db_port D:\WWW\aaaxcx\ThinkPHP\Library\Think\Db.class.php Á¨¨ 127 Ë°å.
NOTIC: [8] Undefined index: db_dsn D:\WWW\aaaxcx\ThinkPHP\Library\Think\Db.class.php Á¨¨ 129 Ë°å.
NOTIC: [8] Undefined index: db_params D:\WWW\aaaxcx\ThinkPHP\Library\Think\Db.class.php Á¨¨ 130 Ë°å.
SQL: select * from user where dh='001'  [ RunTime:0.000977s ]
SQL: select * from daygda where  qxkh='007' [ RunTime:0.000977s ]

[ 2019-11-09T10:07:35+08:00 ] 192.168.8.231 /aaaxcx/index.php/home/Login/login
INFO: [ app_init ] --START--
INFO: Run Behavior\BuildLiteBehavior [ RunTime:0.000000s ]
INFO: [ app_init ] --END-- [ RunTime:0.000000s ]
INFO: [ app_begin ] --START--
INFO: Run Behavior\ReadHtmlCacheBehavior [ RunTime:0.000976s ]
INFO: [ app_begin ] --END-- [ RunTime:0.000976s ]
NOTIC: [8] Undefined index: db_port D:\WWW\aaaxcx\ThinkPHP\Library\Think\Db.class.php Á¨¨ 127 Ë°å.
NOTIC: [8] Undefined index: db_dsn D:\WWW\aaaxcx\ThinkPHP\Library\Think\Db.class.php Á¨¨ 129 Ë°å.
NOTIC: [8] Undefined index: db_params D:\WWW\aaaxcx\ThinkPHP\Library\Think\Db.class.php Á¨¨ 130 Ë°å.
SQL: select * from user where dh='001'  [ RunTime:0.000000s ]
SQL: select * from daygda where  qxkh='007' [ RunTime:0.000977s ]

[ 2019-11-09T10:08:10+08:00 ] 192.168.8.231 /aaaxcx/index.php/home/Login/login
INFO: [ app_init ] --START--
INFO: Run Behavior\BuildLiteBehavior [ RunTime:0.000000s ]
INFO: [ app_init ] --END-- [ RunTime:0.000977s ]
INFO: [ app_begin ] --START--
INFO: Run Behavior\ReadHtmlCacheBehavior [ RunTime:0.000976s ]
INFO: [ app_begin ] --END-- [ RunTime:0.000976s ]
NOTIC: [8] Undefined index: db_port D:\WWW\aaaxcx\ThinkPHP\Library\Think\Db.class.php Á¨¨ 127 Ë°å.
NOTIC: [8] Undefined index: db_dsn D:\WWW\aaaxcx\ThinkPHP\Library\Think\Db.class.php Á¨¨ 129 Ë°å.
NOTIC: [8] Undefined index: db_params D:\WWW\aaaxcx\ThinkPHP\Library\Think\Db.class.php Á¨¨ 130 Ë°å.
SQL: select * from user where dh='001'  [ RunTime:0.000976s ]
SQL: select * from daygda where  qxkh='007' [ RunTime:0.000977s ]

[ 2019-11-09T10:10:31+08:00 ] 192.168.8.231 /aaaxcx/index.php/home/Login/login
INFO: [ app_init ] --START--
INFO: Run Behavior\BuildLiteBehavior [ RunTime:0.000000s ]
INFO: [ app_init ] --END-- [ RunTime:0.000977s ]
INFO: [ app_begin ] --START--
INFO: Run Behavior\ReadHtmlCacheBehavior [ RunTime:0.001953s ]
INFO: [ app_begin ] --END-- [ RunTime:0.001953s ]
NOTIC: [8] Undefined index: db_port D:\WWW\aaaxcx\ThinkPHP\Library\Think\Db.class.php Á¨¨ 127 Ë°å.
NOTIC: [8] Undefined index: db_dsn D:\WWW\aaaxcx\ThinkPHP\Library\Think\Db.class.php Á¨¨ 129 Ë°å.
NOTIC: [8] Undefined index: db_params D:\WWW\aaaxcx\ThinkPHP\Library\Think\Db.class.php Á¨¨ 130 Ë°å.
SQL: select * from user where dh='001'  [ RunTime:0.000977s ]
SQL: select * from daygda where  qxkh='007' [ RunTime:0.000977s ]

[ 2019-11-09T10:10:36+08:00 ] 192.168.8.231 /aaaxcx/index.php/home/Login/login
INFO: [ app_init ] --START--
INFO: Run Behavior\BuildLiteBehavior [ RunTime:0.000000s ]
INFO: [ app_init ] --END-- [ RunTime:0.000977s ]
INFO: [ app_begin ] --START--
INFO: Run Behavior\ReadHtmlCacheBehavior [ RunTime:0.000977s ]
INFO: [ app_begin ] --END-- [ RunTime:0.000977s ]
NOTIC: [8] Undefined index: db_port D:\WWW\aaaxcx\ThinkPHP\Library\Think\Db.class.php Á¨¨ 127 Ë°å.
NOTIC: [8] Undefined index: db_dsn D:\WWW\aaaxcx\ThinkPHP\Library\Think\Db.class.php Á¨¨ 129 Ë°å.
NOTIC: [8] Undefined index: db_params D:\WWW\aaaxcx\ThinkPHP\Library\Think\Db.class.php Á¨¨ 130 Ë°å.
SQL: select * from user where dh='001'  [ RunTime:0.000976s ]
SQL: select * from daygda where  qxkh='007' [ RunTime:0.000976s ]

[ 2019-11-09T10:10:42+08:00 ] 192.168.8.231 /aaaxcx/index.php/home/Login/login
INFO: [ app_init ] --START--
INFO: Run Behavior\BuildLiteBehavior [ RunTime:0.000000s ]
INFO: [ app_init ] --END-- [ RunTime:0.000977s ]
INFO: [ app_begin ] --START--
INFO: Run Behavior\ReadHtmlCacheBehavior [ RunTime:0.000977s ]
INFO: [ app_begin ] --END-- [ RunTime:0.000977s ]
NOTIC: [8] Undefined index: db_port D:\WWW\aaaxcx\ThinkPHP\Library\Think\Db.class.php Á¨¨ 127 Ë°å.
NOTIC: [8] Undefined index: db_dsn D:\WWW\aaaxcx\ThinkPHP\Library\Think\Db.class.php Á¨¨ 129 Ë°å.
NOTIC: [8] Undefined index: db_params D:\WWW\aaaxcx\ThinkPHP\Library\Think\Db.class.php Á¨¨ 130 Ë°å.
SQL: select * from user where dh='001'  [ RunTime:0.000977s ]
SQL: select * from daygda where  qxkh='007' [ RunTime:0.001953s ]

[ 2019-11-09T10:11:05+08:00 ] 192.168.8.231 /aaaxcx/index.php/home/Login/login
INFO: [ app_init ] --START--
INFO: Run Behavior\BuildLiteBehavior [ RunTime:0.000000s ]
INFO: [ app_init ] --END-- [ RunTime:0.000976s ]
INFO: [ app_begin ] --START--
INFO: Run Behavior\ReadHtmlCacheBehavior [ RunTime:0.001953s ]
INFO: [ app_begin ] --END-- [ RunTime:0.001953s ]
NOTIC: [8] Undefined index: db_port D:\WWW\aaaxcx\ThinkPHP\Library\Think\Db.class.php Á¨¨ 127 Ë°å.
NOTIC: [8] Undefined index: db_dsn D:\WWW\aaaxcx\ThinkPHP\Library\Think\Db.class.php Á¨¨ 129 Ë°å.
NOTIC: [8] Undefined index: db_params D:\WWW\aaaxcx\ThinkPHP\Library\Think\Db.class.php Á¨¨ 130 Ë°å.
SQL: select * from user where dh='001'  [ RunTime:0.000976s ]
SQL: select * from daygda where  qxkh='007' [ RunTime:0.001953s ]

[ 2019-11-09T10:11:15+08:00 ] 192.168.8.231 /aaaxcx/index.php/home/Login/login
INFO: [ app_init ] --START--
INFO: Run Behavior\BuildLiteBehavior [ RunTime:0.000000s ]
INFO: [ app_init ] --END-- [ RunTime:0.000976s ]
INFO: [ app_begin ] --START--
INFO: Run Behavior\ReadHtmlCacheBehavior [ RunTime:0.000977s ]
INFO: [ app_begin ] --END-- [ RunTime:0.000977s ]
NOTIC: [8] Undefined index: db_port D:\WWW\aaaxcx\ThinkPHP\Library\Think\Db.class.php Á¨¨ 127 Ë°å.
NOTIC: [8] Undefined index: db_dsn D:\WWW\aaaxcx\ThinkPHP\Library\Think\Db.class.php Á¨¨ 129 Ë°å.
NOTIC: [8] Undefined index: db_params D:\WWW\aaaxcx\ThinkPHP\Library\Think\Db.class.php Á¨¨ 130 Ë°å.
SQL: select * from user where dh='001'  [ RunTime:0.000976s ]
SQL: select * from daygda where  qxkh='007' [ RunTime:0.000976s ]

[ 2019-11-09T10:11:54+08:00 ] 192.168.8.231 /aaaxcx/index.php/home/Login/login
INFO: [ app_init ] --START--
INFO: Run Behavior\BuildLiteBehavior [ RunTime:0.000000s ]
INFO: [ app_init ] --END-- [ RunTime:0.000000s ]
INFO: [ app_begin ] --START--
INFO: Run Behavior\ReadHtmlCacheBehavior [ RunTime:0.001953s ]
INFO: [ app_begin ] --END-- [ RunTime:0.002930s ]
NOTIC: [8] Undefined index: db_port D:\WWW\aaaxcx\ThinkPHP\Library\Think\Db.class.php Á¨¨ 127 Ë°å.
NOTIC: [8] Undefined index: db_dsn D:\WWW\aaaxcx\ThinkPHP\Library\Think\Db.class.php Á¨¨ 129 Ë°å.
NOTIC: [8] Undefined index: db_params D:\WWW\aaaxcx\ThinkPHP\Library\Think\Db.class.php Á¨¨ 130 Ë°å.
SQL: select * from user where dh='001'  [ RunTime:0.000976s ]
SQL: select * from daygda where  qxkh='007' [ RunTime:0.000977s ]

[ 2019-11-09T10:11:59+08:00 ] 192.168.8.231 /aaaxcx/index.php/home/Login/login
INFO: [ app_init ] --START--
INFO: Run Behavior\BuildLiteBehavior [ RunTime:0.000000s ]
INFO: [ app_init ] --END-- [ RunTime:0.000976s ]
INFO: [ app_begin ] --START--
INFO: Run Behavior\ReadHtmlCacheBehavior [ RunTime:0.001953s ]
INFO: [ app_begin ] --END-- [ RunTime:0.001953s ]
NOTIC: [8] Undefined index: db_port D:\WWW\aaaxcx\ThinkPHP\Library\Think\Db.class.php Á¨¨ 127 Ë°å.
NOTIC: [8] Undefined index: db_dsn D:\WWW\aaaxcx\ThinkPHP\Library\Think\Db.class.php Á¨¨ 129 Ë°å.
NOTIC: [8] Undefined index: db_params D:\WWW\aaaxcx\ThinkPHP\Library\Think\Db.class.php Á¨¨ 130 Ë°å.
SQL: select * from user where dh='001'  [ RunTime:0.000976s ]
SQL: select * from daygda where  qxkh='007' [ RunTime:0.000976s ]

[ 2019-11-09T13:05:25+08:00 ] 192.168.8.231 /aaaxcx/index.php/home/Login/login
INFO: [ app_init ] --START--
INFO: Run Behavior\BuildLiteBehavior [ RunTime:0.000000s ]
INFO: [ app_init ] --END-- [ RunTime:0.000976s ]
INFO: [ app_begin ] --START--
INFO: Run Behavior\ReadHtmlCacheBehavior [ RunTime:0.001953s ]
INFO: [ app_begin ] --END-- [ RunTime:0.001953s ]
NOTIC: [8] Undefined index: db_port D:\WWW\aaaxcx\ThinkPHP\Library\Think\Db.class.php Á¨¨ 127 Ë°å.
NOTIC: [8] Undefined index: db_dsn D:\WWW\aaaxcx\ThinkPHP\Library\Think\Db.class.php Á¨¨ 129 Ë°å.
NOTIC: [8] Undefined index: db_params D:\WWW\aaaxcx\ThinkPHP\Library\Think\Db.class.php Á¨¨ 130 Ë°å.
SQL: select * from user where dh='001'  [ RunTime:0.000977s ]
SQL: select * from daygda where  qxkh='007' [ RunTime:0.000977s ]
SQL: select bm from dabmda where bm=(select bm from daygda where qxkh='007') [ RunTime:0.006836s ]
SQL: select bm from dabmda where bm='ËΩ¶Èó¥' [ RunTime:0.000977s ]
SQL: select qxmc from dabmda where bm='ËΩ¶Èó¥'and dh='001'  [ RunTime:0.000976s ]
ERR: 1054:Unknown column 'qxmc' in 'field list'
 [ SQLËØ≠Âè• ] : select qxmc from dabmda where bm='ËΩ¶Èó¥'and dh='001' 

[ 2019-11-09T13:06:14+08:00 ] 192.168.8.231 /aaaxcx/index.php/home/Login/login
INFO: [ app_init ] --START--
INFO: Run Behavior\BuildLiteBehavior [ RunTime:0.000000s ]
INFO: [ app_init ] --END-- [ RunTime:0.000977s ]
INFO: [ app_begin ] --START--
INFO: Run Behavior\ReadHtmlCacheBehavior [ RunTime:0.000977s ]
INFO: [ app_begin ] --END-- [ RunTime:0.000977s ]
NOTIC: [8] Undefined index: db_port D:\WWW\aaaxcx\ThinkPHP\Library\Think\Db.class.php Á¨¨ 127 Ë°å.
NOTIC: [8] Undefined index: db_dsn D:\WWW\aaaxcx\ThinkPHP\Library\Think\Db.class.php Á¨¨ 129 Ë°å.
NOTIC: [8] Undefined index: db_params D:\WWW\aaaxcx\ThinkPHP\Library\Think\Db.class.php Á¨¨ 130 Ë°å.
SQL: select * from user where dh='001'  [ RunTime:0.000977s ]
SQL: select * from daygda where  qxkh='007' [ RunTime:0.001953s ]
SQL: select bm from dabmda where bm=(select bm from daygda where qxkh='007') [ RunTime:0.000977s ]
SQL: select bm from dabmda where bm='ËΩ¶Èó¥' [ RunTime:0.000000s ]
SQL: select qxmc from dabmda where bm='ËΩ¶Èó¥'and dh='001'  [ RunTime:0.000000s ]
ERR: 1054:Unknown column 'qxmc' in 'field list'
 [ SQLËØ≠Âè• ] : select qxmc from dabmda where bm='ËΩ¶Èó¥'and dh='001' 

[ 2019-11-09T13:06:18+08:00 ] 192.168.8.231 /aaaxcx/index.php/home/Login/login
INFO: [ app_init ] --START--
INFO: Run Behavior\BuildLiteBehavior [ RunTime:0.000000s ]
INFO: [ app_init ] --END-- [ RunTime:0.000976s ]
INFO: [ app_begin ] --START--
INFO: Run Behavior\ReadHtmlCacheBehavior [ RunTime:0.001954s ]
INFO: [ app_begin ] --END-- [ RunTime:0.001954s ]
NOTIC: [8] Undefined index: db_port D:\WWW\aaaxcx\ThinkPHP\Library\Think\Db.class.php Á¨¨ 127 Ë°å.
NOTIC: [8] Undefined index: db_dsn D:\WWW\aaaxcx\ThinkPHP\Library\Think\Db.class.php Á¨¨ 129 Ë°å.
NOTIC: [8] Undefined index: db_params D:\WWW\aaaxcx\ThinkPHP\Library\Think\Db.class.php Á¨¨ 130 Ë°å.
SQL: select * from user where dh='001'  [ RunTime:0.000976s ]
SQL: select * from daygda where  qxkh='007' [ RunTime:0.001953s ]
SQL: select bm from dabmda where bm=(select bm from daygda where qxkh='007') [ RunTime:0.000976s ]
SQL: select bm from dabmda where bm='ËΩ¶Èó¥' [ RunTime:0.000977s ]
SQL: select qxmc from dabmda where bm='ËΩ¶Èó¥'and dh='001'  [ RunTime:0.000000s ]
ERR: 1054:Unknown column 'qxmc' in 'field list'
 [ SQLËØ≠Âè• ] : select qxmc from dabmda where bm='ËΩ¶Èó¥'and dh='001' 

[ 2019-11-09T13:07:01+08:00 ] 192.168.8.231 /aaaxcx/index.php/home/Login/login
INFO: [ app_init ] --START--
INFO: Run Behavior\BuildLiteBehavior [ RunTime:0.000000s ]
INFO: [ app_init ] --END-- [ RunTime:0.000977s ]
INFO: [ app_begin ] --START--
INFO: Run Behavior\ReadHtmlCacheBehavior [ RunTime:0.000977s ]
INFO: [ app_begin ] --END-- [ RunTime:0.000977s ]
NOTIC: [8] Undefined index: db_port D:\WWW\aaaxcx\ThinkPHP\Library\Think\Db.class.php Á¨¨ 127 Ë°å.
NOTIC: [8] Undefined index: db_dsn D:\WWW\aaaxcx\ThinkPHP\Library\Think\Db.class.php Á¨¨ 129 Ë°å.
NOTIC: [8] Undefined index: db_params D:\WWW\aaaxcx\ThinkPHP\Library\Think\Db.class.php Á¨¨ 130 Ë°å.
SQL: select * from user where dh='001'  [ RunTime:0.000976s ]
SQL: select * from daygda where  qxkh='007' [ RunTime:0.001953s ]
SQL: select bm from dabmda where bm=(select bm from daygda where qxkh='007') [ RunTime:0.000976s ]
SQL: select bm from dabmda where bm='ËΩ¶Èó¥' [ RunTime:0.000977s ]
SQL: select qxmc from dabmda where bm='ËΩ¶Èó¥'and dh='001'  [ RunTime:0.000000s ]
ERR: 1054:Unknown column 'qxmc' in 'field list'
 [ SQLËØ≠Âè• ] : select qxmc from dabmda where bm='ËΩ¶Èó¥'and dh='001' 

[ 2019-11-09T13:07:47+08:00 ] 192.168.8.231 /aaaxcx/index.php/home/Login/login
INFO: [ app_init ] --START--
INFO: Run Behavior\BuildLiteBehavior [ RunTime:0.000000s ]
INFO: [ app_init ] --END-- [ RunTime:0.000976s ]
INFO: [ app_begin ] --START--
INFO: Run Behavior\ReadHtmlCacheBehavior [ RunTime:0.000976s ]
INFO: [ app_begin ] --END-- [ RunTime:0.000976s ]
NOTIC: [8] Undefined index: db_port D:\WWW\aaaxcx\ThinkPHP\Library\Think\Db.class.php Á¨¨ 127 Ë°å.
NOTIC: [8] Undefined index: db_dsn D:\WWW\aaaxcx\ThinkPHP\Library\Think\Db.class.php Á¨¨ 129 Ë°å.
NOTIC: [8] Undefined index: db_params D:\WWW\aaaxcx\ThinkPHP\Library\Think\Db.class.php Á¨¨ 130 Ë°å.
SQL: select * from user where dh='001'  [ RunTime:0.000977s ]
SQL: select * from daygda where  qxkh='007' [ RunTime:0.000976s ]
SQL: select bm from dabmda where bm=(select bm from daygda where qxkh='007') [ RunTime:0.000976s ]
SQL: select bm from dabmda where bm='ËΩ¶Èó¥' [ RunTime:0.001953s ]
SQL: select qxmc from dabmda where bm='ËΩ¶Èó¥'and dh='001'  [ RunTime:0.000976s ]
ERR: 1054:Unknown column 'qxmc' in 'field list'
 [ SQLËØ≠Âè• ] : select qxmc from dabmda where bm='ËΩ¶Èó¥'and dh='001' 

[ 2019-11-09T13:08:29+08:00 ] 192.168.8.231 /aaaxcx/index.php/home/Login/login
INFO: [ app_init ] --START--
INFO: Run Behavior\BuildLiteBehavior [ RunTime:0.000000s ]
INFO: [ app_init ] --END-- [ RunTime:0.000976s ]
INFO: [ app_begin ] --START--
INFO: Run Behavior\ReadHtmlCacheBehavior [ RunTime:0.000000s ]
INFO: [ app_begin ] --END-- [ RunTime:0.001954s ]
NOTIC: [8] Undefined index: db_port D:\WWW\aaaxcx\ThinkPHP\Library\Think\Db.class.php Á¨¨ 127 Ë°å.
NOTIC: [8] Undefined index: db_dsn D:\WWW\aaaxcx\ThinkPHP\Library\Think\Db.class.php Á¨¨ 129 Ë°å.
NOTIC: [8] Undefined index: db_params D:\WWW\aaaxcx\ThinkPHP\Library\Think\Db.class.php Á¨¨ 130 Ë°å.
SQL: select * from user where dh='001'  [ RunTime:0.000977s ]
SQL: select * from daygda where  qxkh='007' [ RunTime:0.000976s ]
SQL: select bm from dabmda where bm=(select bm from daygda where qxkh='007') [ RunTime:0.000976s ]
SQL: select bm from dabmda where bm='ËΩ¶Èó¥' [ RunTime:0.001953s ]
SQL: select qxmc from dabmda where bm='ËΩ¶Èó¥'and dh='001'  [ RunTime:0.001953s ]
ERR: 1054:Unknown column 'qxmc' in 'field list'
 [ SQLËØ≠Âè• ] : select qxmc from dabmda where bm='ËΩ¶Èó¥'and dh='001' 

[ 2019-11-09T13:08:46+08:00 ] 192.168.8.231 /aaaxcx/index.php/home/Login/login
INFO: [ app_init ] --START--
INFO: Run Behavior\BuildLiteBehavior [ RunTime:0.000000s ]
INFO: [ app_init ] --END-- [ RunTime:0.000977s ]
INFO: [ app_begin ] --START--
INFO: Run Behavior\ReadHtmlCacheBehavior [ RunTime:0.000977s ]
INFO: [ app_begin ] --END-- [ RunTime:0.000977s ]
NOTIC: [8] Undefined index: db_port D:\WWW\aaaxcx\ThinkPHP\Library\Think\Db.class.php Á¨¨ 127 Ë°å.
NOTIC: [8] Undefined index: db_dsn D:\WWW\aaaxcx\ThinkPHP\Library\Think\Db.class.php Á¨¨ 129 Ë°å.
NOTIC: [8] Undefined index: db_params D:\WWW\aaaxcx\ThinkPHP\Library\Think\Db.class.php Á¨¨ 130 Ë°å.
SQL: select * from user where dh='001'  [ RunTime:0.000977s ]
SQL: select * from daygda where  qxkh='007' [ RunTime:0.000977s ]
SQL: select bm from dabmda where bm=(select bm from daygda where qxkh='007') [ RunTime:0.000976s ]
SQL: select bm from dabmda where bm='ËΩ¶Èó¥' [ RunTime:0.000976s ]
SQL: select qxmc from dabmda where bm='ËΩ¶Èó¥'and dh='001'  [ RunTime:0.000977s ]
ERR: 1054:Unknown column 'qxmc' in 'field list'
 [ SQLËØ≠Âè• ] : select qxmc from dabmda where bm='ËΩ¶Èó¥'and dh='001' 

[ 2019-11-09T13:10:20+08:00 ] 192.168.8.231 /aaaxcx/index.php/home/Login/login
INFO: [ app_init ] --START--
INFO: Run Behavior\BuildLiteBehavior [ RunTime:0.000000s ]
INFO: [ app_init ] --END-- [ RunTime:0.000977s ]
INFO: [ app_begin ] --START--
INFO: Run Behavior\ReadHtmlCacheBehavior [ RunTime:0.000977s ]
INFO: [ app_begin ] --END-- [ RunTime:0.000977s ]
NOTIC: [8] Undefined index: db_port D:\WWW\aaaxcx\ThinkPHP\Library\Think\Db.class.php Á¨¨ 127 Ë°å.
NOTIC: [8] Undefined index: db_dsn D:\WWW\aaaxcx\ThinkPHP\Library\Think\Db.class.php Á¨¨ 129 Ë°å.
NOTIC: [8] Undefined index: db_params D:\WWW\aaaxcx\ThinkPHP\Library\Think\Db.class.php Á¨¨ 130 Ë°å.
SQL: select * from user where dh='001'  [ RunTime:0.000000s ]
SQL: select * from daygda where  qxkh='007' [ RunTime:0.000976s ]
SQL: select bm from dabmda where bm=(select bm from daygda where qxkh='007') [ RunTime:0.000977s ]
SQL: select bm from dabmda where bm='ËΩ¶Èó¥' [ RunTime:0.000976s ]
SQL: select qxmc from dabmda where bm='ËΩ¶Èó¥'and dh='001'  [ RunTime:0.000977s ]

[ 2019-11-09T13:10:27+08:00 ] 192.168.8.231 /aaaxcx/index.php/home/Login/login
INFO: [ app_init ] --START--
INFO: Run Behavior\BuildLiteBehavior [ RunTime:0.000000s ]
INFO: [ app_init ] --END-- [ RunTime:0.000000s ]
INFO: [ app_begin ] --START--
INFO: Run Behavior\ReadHtmlCacheBehavior [ RunTime:0.000976s ]
INFO: [ app_begin ] --END-- [ RunTime:0.000976s ]
NOTIC: [8] Undefined index: db_port D:\WWW\aaaxcx\ThinkPHP\Library\Think\Db.class.php Á¨¨ 127 Ë°å.
NOTIC: [8] Undefined index: db_dsn D:\WWW\aaaxcx\ThinkPHP\Library\Think\Db.class.php Á¨¨ 129 Ë°å.
NOTIC: [8] Undefined index: db_params D:\WWW\aaaxcx\ThinkPHP\Library\Think\Db.class.php Á¨¨ 130 Ë°å.
SQL: select * from user where dh='001'  [ RunTime:0.000976s ]
SQL: select * from daygda where  qxkh='007' [ RunTime:0.000977s ]
SQL: select bm from dabmda where bm=(select bm from daygda where qxkh='007') [ RunTime:0.000976s ]
SQL: select bm from dabmda where bm='ËΩ¶Èó¥' [ RunTime:0.000977s ]
SQL: select qxmc from dabmda where bm='ËΩ¶Èó¥'and dh='001'  [ RunTime:0.000976s ]

[ 2019-11-09T13:11:04+08:00 ] 192.168.8.231 /aaaxcx/index.php/home/Login/login
INFO: [ app_init ] --START--
INFO: Run Behavior\BuildLiteBehavior [ RunTime:0.000000s ]
INFO: [ app_init ] --END-- [ RunTime:0.000977s ]
INFO: [ app_begin ] --START--
INFO: Run Behavior\ReadHtmlCacheBehavior [ RunTime:0.000977s ]
INFO: [ app_begin ] --END-- [ RunTime:0.000977s ]
NOTIC: [8] Undefined index: db_port D:\WWW\aaaxcx\ThinkPHP\Library\Think\Db.class.php Á¨¨ 127 Ë°å.
NOTIC: [8] Undefined index: db_dsn D:\WWW\aaaxcx\ThinkPHP\Library\Think\Db.class.php Á¨¨ 129 Ë°å.
NOTIC: [8] Undefined index: db_params D:\WWW\aaaxcx\ThinkPHP\Library\Think\Db.class.php Á¨¨ 130 Ë°å.
SQL: select * from user where dh='001'  [ RunTime:0.000976s ]
SQL: select * from daygda where  qxkh='007' [ RunTime:0.001953s ]
SQL: select bm from dabmda where bm=(select bm from daygda where qxkh='007') [ RunTime:0.000000s ]
SQL: select bm from dabmda where bm='ËΩ¶Èó¥' [ RunTime:0.000977s ]
SQL: select qxmc from dabmda where bm='ËΩ¶Èó¥'and dh='001'  [ RunTime:0.000976s ]

[ 2019-11-09T13:11:32+08:00 ] 192.168.8.231 /aaaxcx/index.php/home/Login/login
INFO: [ app_init ] --START--
INFO: Run Behavior\BuildLiteBehavior [ RunTime:0.000000s ]
INFO: [ app_init ] --END-- [ RunTime:0.000000s ]
INFO: [ app_begin ] --START--
INFO: Run Behavior\ReadHtmlCacheBehavior [ RunTime:0.000977s ]
INFO: [ app_begin ] --END-- [ RunTime:0.000977s ]
NOTIC: [8] Undefined index: db_port D:\WWW\aaaxcx\ThinkPHP\Library\Think\Db.class.php Á¨¨ 127 Ë°å.
NOTIC: [8] Undefined index: db_dsn D:\WWW\aaaxcx\ThinkPHP\Library\Think\Db.class.php Á¨¨ 129 Ë°å.
NOTIC: [8] Undefined index: db_params D:\WWW\aaaxcx\ThinkPHP\Library\Think\Db.class.php Á¨¨ 130 Ë°å.
SQL: select * from user where dh='001'  [ RunTime:0.000977s ]
SQL: select * from daygda where  qxkh='007' [ RunTime:0.001953s ]
SQL: select bm from dabmda where bm=(select bm from daygda where qxkh='007') [ RunTime:0.000976s ]
SQL: select bm from dabmda where bm='ËΩ¶Èó¥' [ RunTime:0.000000s ]
SQL: select qxmc from dabmda where bm='ËΩ¶Èó¥'and dh='001'  [ RunTime:0.000000s ]

[ 2019-11-09T13:12:57+08:00 ] 192.168.8.231 /aaaxcx/index.php/home/Login/login
INFO: [ app_init ] --START--
INFO: Run Behavior\BuildLiteBehavior [ RunTime:0.000000s ]
INFO: [ app_init ] --END-- [ RunTime:0.000977s ]
INFO: [ app_begin ] --START--
INFO: Run Behavior\ReadHtmlCacheBehavior [ RunTime:0.000977s ]
INFO: [ app_begin ] --END-- [ RunTime:0.000977s ]
NOTIC: [8] Undefined index: db_port D:\WWW\aaaxcx\ThinkPHP\Library\Think\Db.class.php Á¨¨ 127 Ë°å.
NOTIC: [8] Undefined index: db_dsn D:\WWW\aaaxcx\ThinkPHP\Library\Think\Db.class.php Á¨¨ 129 Ë°å.
NOTIC: [8] Undefined index: db_params D:\WWW\aaaxcx\ThinkPHP\Library\Think\Db.class.php Á¨¨ 130 Ë°å.
SQL: select * from user where dh='001'  [ RunTime:0.000976s ]
SQL: select * from daygda where  qxkh='007' [ RunTime:0.000977s ]
SQL: select bm from dabmda where bm=(select bm from daygda where qxkh='007') [ RunTime:0.000000s ]
SQL: select bm from dabmda where bm='ËΩ¶Èó¥' [ RunTime:0.000976s ]
SQL: select qxmc from dabmda where bm='ËΩ¶Èó¥'and dh='001'  [ RunTime:0.000977s ]

[ 2019-11-09T13:13:22+08:00 ] 192.168.8.231 /aaaxcx/index.php/home/Login/login
INFO: [ app_init ] --START--
INFO: Run Behavior\BuildLiteBehavior [ RunTime:0.000000s ]
INFO: [ app_init ] --END-- [ RunTime:0.000977s ]
INFO: [ app_begin ] --START--
INFO: Run Behavior\ReadHtmlCacheBehavior [ RunTime:0.000976s ]
INFO: [ app_begin ] --END-- [ RunTime:0.000976s ]
NOTIC: [8] Undefined index: db_port D:\WWW\aaaxcx\ThinkPHP\Library\Think\Db.class.php Á¨¨ 127 Ë°å.
NOTIC: [8] Undefined index: db_dsn D:\WWW\aaaxcx\ThinkPHP\Library\Think\Db.class.php Á¨¨ 129 Ë°å.
NOTIC: [8] Undefined index: db_params D:\WWW\aaaxcx\ThinkPHP\Library\Think\Db.class.php Á¨¨ 130 Ë°å.
SQL: select * from user where dh='001'  [ RunTime:0.000977s ]
SQL: select * from daygda where  qxkh='007' [ RunTime:0.000976s ]
SQL: select bm from dabmda where bm=(select bm from daygda where qxkh='007') [ RunTime:0.000977s ]
SQL: select bm from dabmda where bm='ËΩ¶Èó¥' [ RunTime:0.001953s ]
SQL: select qxmc from dabmda where bm='ËΩ¶Èó¥'and dh='001'  [ RunTime:0.000976s ]

[ 2019-11-09T13:13:46+08:00 ] 192.168.8.231 /aaaxcx/index.php/home/Login/login
INFO: [ app_init ] --START--
INFO: Run Behavior\BuildLiteBehavior [ RunTime:0.000000s ]
INFO: [ app_init ] --END-- [ RunTime:0.000977s ]
INFO: [ app_begin ] --START--
INFO: Run Behavior\ReadHtmlCacheBehavior [ RunTime:0.000977s ]
INFO: [ app_begin ] --END-- [ RunTime:0.000977s ]
NOTIC: [8] Undefined index: db_port D:\WWW\aaaxcx\ThinkPHP\Library\Think\Db.class.php Á¨¨ 127 Ë°å.
NOTIC: [8] Undefined index: db_dsn D:\WWW\aaaxcx\ThinkPHP\Library\Think\Db.class.php Á¨¨ 129 Ë°å.
NOTIC: [8] Undefined index: db_params D:\WWW\aaaxcx\ThinkPHP\Library\Think\Db.class.php Á¨¨ 130 Ë°å.
SQL: select * from user where dh='001'  [ RunTime:0.000976s ]
SQL: select * from daygda where  qxkh='007' [ RunTime:0.000977s ]
SQL: select bm from dabmda where bm=(select bm from daygda where qxkh='007') [ RunTime:0.000977s ]
SQL: select bm from dabmda where bm='ËΩ¶Èó¥' [ RunTime:0.000000s ]
SQL: select qxmc from dabmda where bm='ËΩ¶Èó¥'and dh='001'  [ RunTime:0.000000s ]

[ 2019-11-09T13:15:00+08:00 ] 192.168.8.231 /aaaxcx/index.php/home/Login/login
INFO: [ app_init ] --START--
INFO: Run Behavior\BuildLiteBehavior [ RunTime:0.000000s ]
INFO: [ app_init ] --END-- [ RunTime:0.000976s ]
INFO: [ app_begin ] --START--
INFO: Run Behavior\ReadHtmlCacheBehavior [ RunTime:0.000976s ]
INFO: [ app_begin ] --END-- [ RunTime:0.000976s ]
NOTIC: [8] Undefined index: db_port D:\WWW\aaaxcx\ThinkPHP\Library\Think\Db.class.php Á¨¨ 127 Ë°å.
NOTIC: [8] Undefined index: db_dsn D:\WWW\aaaxcx\ThinkPHP\Library\Think\Db.class.php Á¨¨ 129 Ë°å.
NOTIC: [8] Undefined index: db_params D:\WWW\aaaxcx\ThinkPHP\Library\Think\Db.class.php Á¨¨ 130 Ë°å.
SQL: select * from user where dh='001'  [ RunTime:0.000977s ]
SQL: select * from daygda where  qxkh='007' [ RunTime:0.000976s ]
SQL: select bm from dabmda where bm=(select bm from daygda where qxkh='007') [ RunTime:0.000977s ]
SQL: select bm from dabmda where bm='ËΩ¶Èó¥' [ RunTime:0.000976s ]
SQL: select qxmc from dabmda where bm='ËΩ¶Èó¥'and dh='001'  [ RunTime:0.000000s ]

[ 2019-11-09T13:15:44+08:00 ] 192.168.8.231 /aaaxcx/index.php/home/Login/login
INFO: [ app_init ] --START--
INFO: Run Behavior\BuildLiteBehavior [ RunTime:0.000000s ]
INFO: [ app_init ] --END-- [ RunTime:0.000977s ]
INFO: [ app_begin ] --START--
INFO: Run Behavior\ReadHtmlCacheBehavior [ RunTime:0.000977s ]
INFO: [ app_begin ] --END-- [ RunTime:0.000977s ]
NOTIC: [8] Undefined index: db_port D:\WWW\aaaxcx\ThinkPHP\Library\Think\Db.class.php Á¨¨ 127 Ë°å.
NOTIC: [8] Undefined index: db_dsn D:\WWW\aaaxcx\ThinkPHP\Library\Think\Db.class.php Á¨¨ 129 Ë°å.
NOTIC: [8] Undefined index: db_params D:\WWW\aaaxcx\ThinkPHP\Library\Think\Db.class.php Á¨¨ 130 Ë°å.
SQL: select * from user where dh='001'  [ RunTime:0.000000s ]
SQL: select * from daygda where  qxkh='007' [ RunTime:0.000977s ]
SQL: select bm from dabmda where bm=(select bm from daygda where qxkh='007') [ RunTime:0.000000s ]
SQL: select bm from dabmda where bm='ËΩ¶Èó¥' [ RunTime:0.000976s ]
SQL: select qxmc from dabmda where bm='ËΩ¶Èó¥'and dh='001'  [ RunTime:0.000000s ]

[ 2019-11-09T13:15:49+08:00 ] 192.168.8.231 /aaaxcx/index.php/home/Login/login
INFO: [ app_init ] --START--
INFO: Run Behavior\BuildLiteBehavior [ RunTime:0.000000s ]
INFO: [ app_init ] --END-- [ RunTime:0.000977s ]
INFO: [ app_begin ] --START--
INFO: Run Behavior\ReadHtmlCacheBehavior [ RunTime:0.000976s ]
INFO: [ app_begin ] --END-- [ RunTime:0.001953s ]
NOTIC: [8] Undefined index: db_port D:\WWW\aaaxcx\ThinkPHP\Library\Think\Db.class.php Á¨¨ 127 Ë°å.
NOTIC: [8] Undefined index: db_dsn D:\WWW\aaaxcx\ThinkPHP\Library\Think\Db.class.php Á¨¨ 129 Ë°å.
NOTIC: [8] Undefined index: db_params D:\WWW\aaaxcx\ThinkPHP\Library\Think\Db.class.php Á¨¨ 130 Ë°å.
SQL: select * from user where dh='001'  [ RunTime:0.000976s ]
SQL: select * from daygda where  qxkh='007' [ RunTime:0.000976s ]
SQL: select bm from dabmda where bm=(select bm from daygda where qxkh='007') [ RunTime:0.000976s ]
SQL: select bm from dabmda where bm='ËΩ¶Èó¥' [ RunTime:0.000976s ]
SQL: select qxmc from dabmda where bm='ËΩ¶Èó¥'and dh='001'  [ RunTime:0.000977s ]

