[ 2019-12-14T18:27:56+08:00 ] 192.168.8.240 /aaaxcx/index.php/home/Login/login
INFO: [ app_init ] --START--
INFO: Run Behavior\BuildLiteBehavior [ RunTime:0.000013s ]
INFO: [ app_init ] --END-- [ RunTime:0.000448s ]
INFO: [ app_begin ] --START--
INFO: Run Behavior\ReadHtmlCacheBehavior [ RunTime:0.001440s ]
INFO: [ app_begin ] --END-- [ RunTime:0.001542s ]
NOTIC: [8] Undefined index: db_port D:\WWW\aaaxcx\ThinkPHP\Library\Think\Db.class.php 第 127 行.
NOTIC: [8] Undefined index: db_dsn D:\WWW\aaaxcx\ThinkPHP\Library\Think\Db.class.php 第 129 行.
NOTIC: [8] Undefined index: db_params D:\WWW\aaaxcx\ThinkPHP\Library\Think\Db.class.php 第 130 行.
ERR: Unknown database 'aaacj'

[ 2019-12-14T18:28:27+08:00 ] 192.168.8.240 /aaaxcx/index.php/home/Login/login
INFO: [ app_init ] --START--
INFO: Run Behavior\BuildLiteBehavior [ RunTime:0.000013s ]
INFO: [ app_init ] --END-- [ RunTime:0.000356s ]
INFO: [ app_begin ] --START--
INFO: Run Behavior\ReadHtmlCacheBehavior [ RunTime:0.000558s ]
INFO: [ app_begin ] --END-- [ RunTime:0.000606s ]
NOTIC: [8] Undefined index: db_port D:\WWW\aaaxcx\ThinkPHP\Library\Think\Db.class.php 第 127 行.
NOTIC: [8] Undefined index: db_dsn D:\WWW\aaaxcx\ThinkPHP\Library\Think\Db.class.php 第 129 行.
NOTIC: [8] Undefined index: db_params D:\WWW\aaaxcx\ThinkPHP\Library\Think\Db.class.php 第 130 行.
ERR: Unknown database 'aaacj'

[ 2019-12-14T18:28:40+08:00 ] 192.168.8.240 /aaaxcx/index.php/home/Login/login
INFO: [ app_init ] --START--
INFO: Run Behavior\BuildLiteBehavior [ RunTime:0.000010s ]
INFO: [ app_init ] --END-- [ RunTime:0.000308s ]
INFO: [ app_begin ] --START--
INFO: Run Behavior\ReadHtmlCacheBehavior [ RunTime:0.000645s ]
INFO: [ app_begin ] --END-- [ RunTime:0.000706s ]
NOTIC: [8] Undefined index: db_port D:\WWW\aaaxcx\ThinkPHP\Library\Think\Db.class.php 第 127 行.
NOTIC: [8] Undefined index: db_dsn D:\WWW\aaaxcx\ThinkPHP\Library\Think\Db.class.php 第 129 行.
NOTIC: [8] Undefined index: db_params D:\WWW\aaaxcx\ThinkPHP\Library\Think\Db.class.php 第 130 行.
ERR: Unknown database 'aaacj'

