[ 2019-11-29T14:34:59+08:00 ] 192.168.8.240 /aaaxcx/index.php/home/Login/login
INFO: [ app_init ] --START--
INFO: Run Behavior\BuildLiteBehavior [ RunTime:0.000000s ]
INFO: [ app_init ] --END-- [ RunTime:0.002930s ]
INFO: [ app_begin ] --START--
INFO: Run Behavior\ReadHtmlCacheBehavior [ RunTime:0.002930s ]
INFO: [ app_begin ] --END-- [ RunTime:0.002930s ]
NOTIC: [8] Undefined index: db_port D:\WWW\aaaxcx\ThinkPHP\Library\Think\Db.class.php 第 127 行.
NOTIC: [8] Undefined index: db_dsn D:\WWW\aaaxcx\ThinkPHP\Library\Think\Db.class.php 第 129 行.
NOTIC: [8] Undefined index: db_params D:\WWW\aaaxcx\ThinkPHP\Library\Think\Db.class.php 第 130 行.
SQL: select * from user where dh='0003' and zt=1 [ RunTime:0.005859s ]
SQL: select * from daygda where  qxkh='0003007' [ RunTime:0.032227s ]
SQL: select bm from dabmda where bm=(select bm from daygda where qxkh='0003007') [ RunTime:0.012696s ]
SQL: select bm from dabmda where bm='车间' [ RunTime:0.002929s ]
SQL: select qxmc from dabmda where bm='车间'and dh='0003'  [ RunTime:0.000977s ]

[ 2019-11-29T17:30:12+08:00 ] 192.168.8.231 /aaaxcx/index.php/home/Login/login
INFO: [ app_init ] --START--
INFO: Run Behavior\BuildLiteBehavior [ RunTime:0.000000s ]
INFO: [ app_init ] --END-- [ RunTime:0.001953s ]
INFO: [ app_begin ] --START--
INFO: Run Behavior\ReadHtmlCacheBehavior [ RunTime:0.001954s ]
INFO: [ app_begin ] --END-- [ RunTime:0.001954s ]
NOTIC: [8] Undefined index: db_port D:\WWW\aaaxcx\ThinkPHP\Library\Think\Db.class.php 第 127 行.
NOTIC: [8] Undefined index: db_dsn D:\WWW\aaaxcx\ThinkPHP\Library\Think\Db.class.php 第 129 行.
NOTIC: [8] Undefined index: db_params D:\WWW\aaaxcx\ThinkPHP\Library\Think\Db.class.php 第 130 行.
SQL: select * from user where dh='0003' and zt=1 [ RunTime:0.001954s ]
SQL: select * from daygda where  qxkh='0003007' [ RunTime:0.001953s ]
SQL: select bm from dabmda where bm=(select bm from daygda where qxkh='0003007') [ RunTime:0.006836s ]
SQL: select bm from dabmda where bm='车间' [ RunTime:0.002930s ]
SQL: select qxmc from dabmda where bm='车间'and dh='0003'  [ RunTime:0.001953s ]

[ 2019-11-29T17:30:16+08:00 ] 192.168.8.231 /aaaxcx/index.php/home/Login/login
INFO: [ app_init ] --START--
INFO: Run Behavior\BuildLiteBehavior [ RunTime:0.000000s ]
INFO: [ app_init ] --END-- [ RunTime:0.000977s ]
INFO: [ app_begin ] --START--
INFO: Run Behavior\ReadHtmlCacheBehavior [ RunTime:0.000976s ]
INFO: [ app_begin ] --END-- [ RunTime:0.000976s ]
NOTIC: [8] Undefined index: db_port D:\WWW\aaaxcx\ThinkPHP\Library\Think\Db.class.php 第 127 行.
NOTIC: [8] Undefined index: db_dsn D:\WWW\aaaxcx\ThinkPHP\Library\Think\Db.class.php 第 129 行.
NOTIC: [8] Undefined index: db_params D:\WWW\aaaxcx\ThinkPHP\Library\Think\Db.class.php 第 130 行.
SQL: select * from user where dh='0003' and zt=1 [ RunTime:0.003906s ]
SQL: select * from daygda where  qxkh='0003007' [ RunTime:0.001953s ]
SQL: select bm from dabmda where bm=(select bm from daygda where qxkh='0003007') [ RunTime:0.000000s ]
SQL: select bm from dabmda where bm='车间' [ RunTime:0.002930s ]
SQL: select qxmc from dabmda where bm='车间'and dh='0003'  [ RunTime:0.001953s ]

[ 2019-11-29T17:35:54+08:00 ] 192.168.8.231 /aaaxcx/index.php/home/Login/login
INFO: [ app_init ] --START--
INFO: Run Behavior\BuildLiteBehavior [ RunTime:0.000000s ]
INFO: [ app_init ] --END-- [ RunTime:0.000977s ]
INFO: [ app_begin ] --START--
INFO: Run Behavior\ReadHtmlCacheBehavior [ RunTime:0.001953s ]
INFO: [ app_begin ] --END-- [ RunTime:0.001953s ]
NOTIC: [8] Undefined index: db_port D:\WWW\aaaxcx\ThinkPHP\Library\Think\Db.class.php 第 127 行.
NOTIC: [8] Undefined index: db_dsn D:\WWW\aaaxcx\ThinkPHP\Library\Think\Db.class.php 第 129 行.
NOTIC: [8] Undefined index: db_params D:\WWW\aaaxcx\ThinkPHP\Library\Think\Db.class.php 第 130 行.
SQL: select * from user where dh='1000' and zt=1 [ RunTime:0.001953s ]
NOTIC: [8] Undefined offset: 0 D:\WWW\aaaxcx\Application\Home\Controller\LoginController.class.php 第 21 行.
NOTIC: [8] Undefined offset: 0 D:\WWW\aaaxcx\Application\Home\Controller\LoginController.class.php 第 22 行.
NOTIC: [8] Undefined offset: 0 D:\WWW\aaaxcx\Application\Home\Controller\LoginController.class.php 第 23 行.
NOTIC: [8] Undefined offset: 0 D:\WWW\aaaxcx\Application\Home\Controller\LoginController.class.php 第 24 行.
NOTIC: [8] Undefined offset: 0 D:\WWW\aaaxcx\Application\Home\Controller\LoginController.class.php 第 25 行.
NOTIC: [8] Undefined offset: 1 D:\WWW\aaaxcx\ThinkPHP\Library\Think\Db.class.php 第 238 行.
NOTIC: [8] Undefined offset: 2 D:\WWW\aaaxcx\ThinkPHP\Library\Think\Db.class.php 第 239 行.
NOTIC: [8] Undefined offset: 3 D:\WWW\aaaxcx\ThinkPHP\Library\Think\Db.class.php 第 240 行.
NOTIC: [8] Undefined offset: 4 D:\WWW\aaaxcx\ThinkPHP\Library\Think\Db.class.php 第 241 行.
NOTIC: [8] Undefined offset: 5 D:\WWW\aaaxcx\ThinkPHP\Library\Think\Db.class.php 第 242 行.
NOTIC: [8] Undefined offset: 6 D:\WWW\aaaxcx\ThinkPHP\Library\Think\Db.class.php 第 243 行.
ERR: 没有定义数据库配置

